Determining if the function floor exists failed with the following output:
Change Dir: /home/zy/cryptdb/mysql-src/build/CMakeFiles/CMakeTmp

Run Build Command:/usr/bin/make "cmTryCompileExec/fast"
/usr/bin/make -f CMakeFiles/cmTryCompileExec.dir/build.make CMakeFiles/cmTryCompileExec.dir/build
make[1]: Entering directory `/home/zy/cryptdb/mysql-src/build/CMakeFiles/CMakeTmp'
/usr/bin/cmake -E cmake_progress_report /home/zy/cryptdb/mysql-src/build/CMakeFiles/CMakeTmp/CMakeFiles 1
Building C object CMakeFiles/cmTryCompileExec.dir/CheckFunctionExists.c.o
/usr/bin/gcc   -Wall  -DCHECK_FUNCTION_EXISTS=floor   -o CMakeFiles/cmTryCompileExec.dir/CheckFunctionExists.c.o   -c /usr/share/cmake-2.8/Modules/CheckFunctionExists.c
/usr/share/cmake-2.8/Modules/CheckFunctionExists.c:3:6: warning: conflicting types for built-in function ‘floor’ [enabled by default]
Linking C executable cmTryCompileExec
/usr/bin/cmake -E cmake_link_script CMakeFiles/cmTryCompileExec.dir/link.txt --verbose=1
/usr/bin/gcc    -Wall  -DCHECK_FUNCTION_EXISTS=floor    CMakeFiles/cmTryCompileExec.dir/CheckFunctionExists.c.o  -o cmTryCompileExec -rdynamic 
CMakeFiles/cmTryCompileExec.dir/CheckFunctionExists.c.o: In function `main':
CheckFunctionExists.c:(.text+0x15): undefined reference to `floor'
make[1]: Leaving directory `/home/zy/cryptdb/mysql-src/build/CMakeFiles/CMakeTmp'
collect2: ld returned 1 exit status
make[1]: *** [cmTryCompileExec] Error 1
make: *** [cmTryCompileExec/fast] Error 2


Determining if the function crypt exists failed with the following output:
Change Dir: /home/zy/cryptdb/mysql-src/build/CMakeFiles/CMakeTmp

Run Build Command:/usr/bin/make "cmTryCompileExec/fast"
/usr/bin/make -f CMakeFiles/cmTryCompileExec.dir/build.make CMakeFiles/cmTryCompileExec.dir/build
make[1]: Entering directory `/home/zy/cryptdb/mysql-src/build/CMakeFiles/CMakeTmp'
/usr/bin/cmake -E cmake_progress_report /home/zy/cryptdb/mysql-src/build/CMakeFiles/CMakeTmp/CMakeFiles 1
Building C object CMakeFiles/cmTryCompileExec.dir/CheckFunctionExists.c.o
/usr/bin/gcc   -Wall  -DCHECK_FUNCTION_EXISTS=crypt   -o CMakeFiles/cmTryCompileExec.dir/CheckFunctionExists.c.o   -c /usr/share/cmake-2.8/Modules/CheckFunctionExists.c
Linking C executable cmTryCompileExec
/usr/bin/cmake -E cmake_link_script CMakeFiles/cmTryCompileExec.dir/link.txt --verbose=1
/usr/bin/gcc    -Wall  -DCHECK_FUNCTION_EXISTS=crypt    CMakeFiles/cmTryCompileExec.dir/CheckFunctionExists.c.o  -o cmTryCompileExec -rdynamic 
CMakeFiles/cmTryCompileExec.dir/CheckFunctionExists.c.o: In function `main':
CheckFunctionExists.c:(.text+0x15): undefined reference to `crypt'
make[1]: Leaving directory `/home/zy/cryptdb/mysql-src/build/CMakeFiles/CMakeTmp'
collect2: ld returned 1 exit status
make[1]: *** [cmTryCompileExec] Error 1
make: *** [cmTryCompileExec/fast] Error 2


Determining if the function dlopen exists failed with the following output:
Change Dir: /home/zy/cryptdb/mysql-src/build/CMakeFiles/CMakeTmp

Run Build Command:/usr/bin/make "cmTryCompileExec/fast"
/usr/bin/make -f CMakeFiles/cmTryCompileExec.dir/build.make CMakeFiles/cmTryCompileExec.dir/build
make[1]: Entering directory `/home/zy/cryptdb/mysql-src/build/CMakeFiles/CMakeTmp'
/usr/bin/cmake -E cmake_progress_report /home/zy/cryptdb/mysql-src/build/CMakeFiles/CMakeTmp/CMakeFiles 1
Building C object CMakeFiles/cmTryCompileExec.dir/CheckFunctionExists.c.o
/usr/bin/gcc   -Wall  -DCHECK_FUNCTION_EXISTS=dlopen   -o CMakeFiles/cmTryCompileExec.dir/CheckFunctionExists.c.o   -c /usr/share/cmake-2.8/Modules/CheckFunctionExists.c
Linking C executable cmTryCompileExec
/usr/bin/cmake -E cmake_link_script CMakeFiles/cmTryCompileExec.dir/link.txt --verbose=1
/usr/bin/gcc    -Wall  -DCHECK_FUNCTION_EXISTS=dlopen    CMakeFiles/cmTryCompileExec.dir/CheckFunctionExists.c.o  -o cmTryCompileExec -rdynamic 
CMakeFiles/cmTryCompileExec.dir/CheckFunctionExists.c.o: In function `main':
CheckFunctionExists.c:(.text+0x15): undefined reference to `dlopen'
make[1]: Leaving directory `/home/zy/cryptdb/mysql-src/build/CMakeFiles/CMakeTmp'
collect2: ld returned 1 exit status
make[1]: *** [cmTryCompileExec] Error 1
make: *** [cmTryCompileExec/fast] Error 2


Determining if the function clock_gettime exists failed with the following output:
Change Dir: /home/zy/cryptdb/mysql-src/build/CMakeFiles/CMakeTmp

Run Build Command:/usr/bin/make "cmTryCompileExec/fast"
/usr/bin/make -f CMakeFiles/cmTryCompileExec.dir/build.make CMakeFiles/cmTryCompileExec.dir/build
make[1]: Entering directory `/home/zy/cryptdb/mysql-src/build/CMakeFiles/CMakeTmp'
/usr/bin/cmake -E cmake_progress_report /home/zy/cryptdb/mysql-src/build/CMakeFiles/CMakeTmp/CMakeFiles 1
Building C object CMakeFiles/cmTryCompileExec.dir/CheckFunctionExists.c.o
/usr/bin/gcc   -Wall  -DCHECK_FUNCTION_EXISTS=clock_gettime   -o CMakeFiles/cmTryCompileExec.dir/CheckFunctionExists.c.o   -c /usr/share/cmake-2.8/Modules/CheckFunctionExists.c
Linking C executable cmTryCompileExec
/usr/bin/cmake -E cmake_link_script CMakeFiles/cmTryCompileExec.dir/link.txt --verbose=1
/usr/bin/gcc    -Wall  -DCHECK_FUNCTION_EXISTS=clock_gettime    CMakeFiles/cmTryCompileExec.dir/CheckFunctionExists.c.o  -o cmTryCompileExec -rdynamic 
CMakeFiles/cmTryCompileExec.dir/CheckFunctionExists.c.o: In function `main':
CheckFunctionExists.c:(.text+0x15): undefined reference to `clock_gettime'
make[1]: Leaving directory `/home/zy/cryptdb/mysql-src/build/CMakeFiles/CMakeTmp'
collect2: ld returned 1 exit status
make[1]: *** [cmTryCompileExec] Error 1
make: *** [cmTryCompileExec/fast] Error 2


Determining if the function pthread_create exists in the pthreads failed with the following output:
Change Dir: /home/zy/cryptdb/mysql-src/build/CMakeFiles/CMakeTmp

Run Build Command:/usr/bin/make "cmTryCompileExec/fast"
/usr/bin/make -f CMakeFiles/cmTryCompileExec.dir/build.make CMakeFiles/cmTryCompileExec.dir/build
make[1]: Entering directory `/home/zy/cryptdb/mysql-src/build/CMakeFiles/CMakeTmp'
/usr/bin/cmake -E cmake_progress_report /home/zy/cryptdb/mysql-src/build/CMakeFiles/CMakeTmp/CMakeFiles 1
Building C object CMakeFiles/cmTryCompileExec.dir/CheckFunctionExists.c.o
/usr/bin/gcc   -Wall  -DCHECK_FUNCTION_EXISTS=pthread_create   -o CMakeFiles/cmTryCompileExec.dir/CheckFunctionExists.c.o   -c /usr/share/cmake-2.8/Modules/CheckFunctionExists.c
Linking C executable cmTryCompileExec
/usr/bin/cmake -E cmake_link_script CMakeFiles/cmTryCompileExec.dir/link.txt --verbose=1
/usr/bin/gcc    -Wall  -DCHECK_FUNCTION_EXISTS=pthread_create    CMakeFiles/cmTryCompileExec.dir/CheckFunctionExists.c.o  -o cmTryCompileExec -rdynamic -lpthreads 
/usr/bin/ld: cannot find -lpthreads
make[1]: Leaving directory `/home/zy/cryptdb/mysql-src/build/CMakeFiles/CMakeTmp'
collect2: ld returned 1 exit status
make[1]: *** [cmTryCompileExec] Error 1
make: *** [cmTryCompileExec/fast] Error 2


Determining if files cxxabi.h exist failed with the following output:
Change Dir: /home/zy/cryptdb/mysql-src/build/CMakeFiles/CMakeTmp

Run Build Command:/usr/bin/make "cmTryCompileExec/fast"
/usr/bin/make -f CMakeFiles/cmTryCompileExec.dir/build.make CMakeFiles/cmTryCompileExec.dir/build
make[1]: Entering directory `/home/zy/cryptdb/mysql-src/build/CMakeFiles/CMakeTmp'
/usr/bin/cmake -E cmake_progress_report /home/zy/cryptdb/mysql-src/build/CMakeFiles/CMakeTmp/CMakeFiles 1
Building C object CMakeFiles/cmTryCompileExec.dir/CheckIncludeFiles.c.o
/usr/bin/gcc   -Wall     -o CMakeFiles/cmTryCompileExec.dir/CheckIncludeFiles.c.o   -c /home/zy/cryptdb/mysql-src/build/CMakeFiles/CMakeTmp/CheckIncludeFiles.c
/home/zy/cryptdb/mysql-src/build/CMakeFiles/CMakeTmp/CheckIncludeFiles.c:2:20: fatal error: cxxabi.h: No such file or directory
compilation terminated.
make[1]: Leaving directory `/home/zy/cryptdb/mysql-src/build/CMakeFiles/CMakeTmp'
make[1]: *** [CMakeFiles/cmTryCompileExec.dir/CheckIncludeFiles.c.o] Error 1
make: *** [cmTryCompileExec/fast] Error 2

Source:
/* */
#include <cxxabi.h>


int main(){return 0;}

Determining if files floatingpoint.h exist failed with the following output:
Change Dir: /home/zy/cryptdb/mysql-src/build/CMakeFiles/CMakeTmp

Run Build Command:/usr/bin/make "cmTryCompileExec/fast"
/usr/bin/make -f CMakeFiles/cmTryCompileExec.dir/build.make CMakeFiles/cmTryCompileExec.dir/build
make[1]: Entering directory `/home/zy/cryptdb/mysql-src/build/CMakeFiles/CMakeTmp'
/usr/bin/cmake -E cmake_progress_report /home/zy/cryptdb/mysql-src/build/CMakeFiles/CMakeTmp/CMakeFiles 1
Building C object CMakeFiles/cmTryCompileExec.dir/CheckIncludeFiles.c.o
/usr/bin/gcc   -Wall     -o CMakeFiles/cmTryCompileExec.dir/CheckIncludeFiles.c.o   -c /home/zy/cryptdb/mysql-src/build/CMakeFiles/CMakeTmp/CheckIncludeFiles.c
/home/zy/cryptdb/mysql-src/build/CMakeFiles/CMakeTmp/CheckIncludeFiles.c:2:27: fatal error: floatingpoint.h: No such file or directory
compilation terminated.
make[1]: Leaving directory `/home/zy/cryptdb/mysql-src/build/CMakeFiles/CMakeTmp'
make[1]: *** [CMakeFiles/cmTryCompileExec.dir/CheckIncludeFiles.c.o] Error 1
make: *** [cmTryCompileExec/fast] Error 2

Source:
/* */
#include <floatingpoint.h>


int main(){return 0;}

Determining if files ieeefp.h exist failed with the following output:
Change Dir: /home/zy/cryptdb/mysql-src/build/CMakeFiles/CMakeTmp

Run Build Command:/usr/bin/make "cmTryCompileExec/fast"
/usr/bin/make -f CMakeFiles/cmTryCompileExec.dir/build.make CMakeFiles/cmTryCompileExec.dir/build
make[1]: Entering directory `/home/zy/cryptdb/mysql-src/build/CMakeFiles/CMakeTmp'
/usr/bin/cmake -E cmake_progress_report /home/zy/cryptdb/mysql-src/build/CMakeFiles/CMakeTmp/CMakeFiles 1
Building C object CMakeFiles/cmTryCompileExec.dir/CheckIncludeFiles.c.o
/usr/bin/gcc   -Wall     -o CMakeFiles/cmTryCompileExec.dir/CheckIncludeFiles.c.o   -c /home/zy/cryptdb/mysql-src/build/CMakeFiles/CMakeTmp/CheckIncludeFiles.c
/home/zy/cryptdb/mysql-src/build/CMakeFiles/CMakeTmp/CheckIncludeFiles.c:2:20: fatal error: ieeefp.h: No such file or directory
compilation terminated.
make[1]: Leaving directory `/home/zy/cryptdb/mysql-src/build/CMakeFiles/CMakeTmp'
make[1]: *** [CMakeFiles/cmTryCompileExec.dir/CheckIncludeFiles.c.o] Error 1
make: *** [cmTryCompileExec/fast] Error 2

Source:
/* */
#include <ieeefp.h>


int main(){return 0;}

Determining if files ndir.h exist failed with the following output:
Change Dir: /home/zy/cryptdb/mysql-src/build/CMakeFiles/CMakeTmp

Run Build Command:/usr/bin/make "cmTryCompileExec/fast"
/usr/bin/make -f CMakeFiles/cmTryCompileExec.dir/build.make CMakeFiles/cmTryCompileExec.dir/build
make[1]: Entering directory `/home/zy/cryptdb/mysql-src/build/CMakeFiles/CMakeTmp'
/usr/bin/cmake -E cmake_progress_report /home/zy/cryptdb/mysql-src/build/CMakeFiles/CMakeTmp/CMakeFiles 1
Building C object CMakeFiles/cmTryCompileExec.dir/CheckIncludeFiles.c.o
/usr/bin/gcc   -Wall     -o CMakeFiles/cmTryCompileExec.dir/CheckIncludeFiles.c.o   -c /home/zy/cryptdb/mysql-src/build/CMakeFiles/CMakeTmp/CheckIncludeFiles.c
/home/zy/cryptdb/mysql-src/build/CMakeFiles/CMakeTmp/CheckIncludeFiles.c:2:18: fatal error: ndir.h: No such file or directory
compilation terminated.
make[1]: Leaving directory `/home/zy/cryptdb/mysql-src/build/CMakeFiles/CMakeTmp'
make[1]: *** [CMakeFiles/cmTryCompileExec.dir/CheckIncludeFiles.c.o] Error 1
make: *** [cmTryCompileExec/fast] Error 2

Source:
/* */
#include <ndir.h>


int main(){return 0;}

Determining if files port.h exist failed with the following output:
Change Dir: /home/zy/cryptdb/mysql-src/build/CMakeFiles/CMakeTmp

Run Build Command:/usr/bin/make "cmTryCompileExec/fast"
/usr/bin/make -f CMakeFiles/cmTryCompileExec.dir/build.make CMakeFiles/cmTryCompileExec.dir/build
make[1]: Entering directory `/home/zy/cryptdb/mysql-src/build/CMakeFiles/CMakeTmp'
/usr/bin/cmake -E cmake_progress_report /home/zy/cryptdb/mysql-src/build/CMakeFiles/CMakeTmp/CMakeFiles 1
Building C object CMakeFiles/cmTryCompileExec.dir/CheckIncludeFiles.c.o
/usr/bin/gcc   -Wall     -o CMakeFiles/cmTryCompileExec.dir/CheckIncludeFiles.c.o   -c /home/zy/cryptdb/mysql-src/build/CMakeFiles/CMakeTmp/CheckIncludeFiles.c
/home/zy/cryptdb/mysql-src/build/CMakeFiles/CMakeTmp/CheckIncludeFiles.c:2:18: fatal error: port.h: No such file or directory
compilation terminated.
make[1]: Leaving directory `/home/zy/cryptdb/mysql-src/build/CMakeFiles/CMakeTmp'
make[1]: *** [CMakeFiles/cmTryCompileExec.dir/CheckIncludeFiles.c.o] Error 1
make: *** [cmTryCompileExec/fast] Error 2

Source:
/* */
#include <port.h>


int main(){return 0;}

Determining if files select.h exist failed with the following output:
Change Dir: /home/zy/cryptdb/mysql-src/build/CMakeFiles/CMakeTmp

Run Build Command:/usr/bin/make "cmTryCompileExec/fast"
/usr/bin/make -f CMakeFiles/cmTryCompileExec.dir/build.make CMakeFiles/cmTryCompileExec.dir/build
make[1]: Entering directory `/home/zy/cryptdb/mysql-src/build/CMakeFiles/CMakeTmp'
/usr/bin/cmake -E cmake_progress_report /home/zy/cryptdb/mysql-src/build/CMakeFiles/CMakeTmp/CMakeFiles 1
Building C object CMakeFiles/cmTryCompileExec.dir/CheckIncludeFiles.c.o
/usr/bin/gcc   -Wall     -o CMakeFiles/cmTryCompileExec.dir/CheckIncludeFiles.c.o   -c /home/zy/cryptdb/mysql-src/build/CMakeFiles/CMakeTmp/CheckIncludeFiles.c
/home/zy/cryptdb/mysql-src/build/CMakeFiles/CMakeTmp/CheckIncludeFiles.c:2:20: fatal error: select.h: No such file or directory
compilation terminated.
make[1]: Leaving directory `/home/zy/cryptdb/mysql-src/build/CMakeFiles/CMakeTmp'
make[1]: *** [CMakeFiles/cmTryCompileExec.dir/CheckIncludeFiles.c.o] Error 1
make: *** [cmTryCompileExec/fast] Error 2

Source:
/* */
#include <select.h>


int main(){return 0;}

Determining if files sys/ndir.h exist failed with the following output:
Change Dir: /home/zy/cryptdb/mysql-src/build/CMakeFiles/CMakeTmp

Run Build Command:/usr/bin/make "cmTryCompileExec/fast"
/usr/bin/make -f CMakeFiles/cmTryCompileExec.dir/build.make CMakeFiles/cmTryCompileExec.dir/build
make[1]: Entering directory `/home/zy/cryptdb/mysql-src/build/CMakeFiles/CMakeTmp'
/usr/bin/cmake -E cmake_progress_report /home/zy/cryptdb/mysql-src/build/CMakeFiles/CMakeTmp/CMakeFiles 1
Building C object CMakeFiles/cmTryCompileExec.dir/CheckIncludeFiles.c.o
/usr/bin/gcc   -Wall     -o CMakeFiles/cmTryCompileExec.dir/CheckIncludeFiles.c.o   -c /home/zy/cryptdb/mysql-src/build/CMakeFiles/CMakeTmp/CheckIncludeFiles.c
/home/zy/cryptdb/mysql-src/build/CMakeFiles/CMakeTmp/CheckIncludeFiles.c:2:22: fatal error: sys/ndir.h: No such file or directory
compilation terminated.
make[1]: Leaving directory `/home/zy/cryptdb/mysql-src/build/CMakeFiles/CMakeTmp'
make[1]: *** [CMakeFiles/cmTryCompileExec.dir/CheckIncludeFiles.c.o] Error 1
make: *** [cmTryCompileExec/fast] Error 2

Source:
/* */
#include <sys/ndir.h>


int main(){return 0;}

Determining if files sys/pte.h exist failed with the following output:
Change Dir: /home/zy/cryptdb/mysql-src/build/CMakeFiles/CMakeTmp

Run Build Command:/usr/bin/make "cmTryCompileExec/fast"
/usr/bin/make -f CMakeFiles/cmTryCompileExec.dir/build.make CMakeFiles/cmTryCompileExec.dir/build
make[1]: Entering directory `/home/zy/cryptdb/mysql-src/build/CMakeFiles/CMakeTmp'
/usr/bin/cmake -E cmake_progress_report /home/zy/cryptdb/mysql-src/build/CMakeFiles/CMakeTmp/CMakeFiles 1
Building C object CMakeFiles/cmTryCompileExec.dir/CheckIncludeFiles.c.o
/usr/bin/gcc   -Wall     -o CMakeFiles/cmTryCompileExec.dir/CheckIncludeFiles.c.o   -c /home/zy/cryptdb/mysql-src/build/CMakeFiles/CMakeTmp/CheckIncludeFiles.c
/home/zy/cryptdb/mysql-src/build/CMakeFiles/CMakeTmp/CheckIncludeFiles.c:2:21: fatal error: sys/pte.h: No such file or directory
compilation terminated.
make[1]: Leaving directory `/home/zy/cryptdb/mysql-src/build/CMakeFiles/CMakeTmp'
make[1]: *** [CMakeFiles/cmTryCompileExec.dir/CheckIncludeFiles.c.o] Error 1
make: *** [cmTryCompileExec/fast] Error 2

Source:
/* */
#include <sys/pte.h>


int main(){return 0;}

Determining if files synch.h exist failed with the following output:
Change Dir: /home/zy/cryptdb/mysql-src/build/CMakeFiles/CMakeTmp

Run Build Command:/usr/bin/make "cmTryCompileExec/fast"
/usr/bin/make -f CMakeFiles/cmTryCompileExec.dir/build.make CMakeFiles/cmTryCompileExec.dir/build
make[1]: Entering directory `/home/zy/cryptdb/mysql-src/build/CMakeFiles/CMakeTmp'
/usr/bin/cmake -E cmake_progress_report /home/zy/cryptdb/mysql-src/build/CMakeFiles/CMakeTmp/CMakeFiles 1
Building C object CMakeFiles/cmTryCompileExec.dir/CheckIncludeFiles.c.o
/usr/bin/gcc   -Wall     -o CMakeFiles/cmTryCompileExec.dir/CheckIncludeFiles.c.o   -c /home/zy/cryptdb/mysql-src/build/CMakeFiles/CMakeTmp/CheckIncludeFiles.c
/home/zy/cryptdb/mysql-src/build/CMakeFiles/CMakeTmp/CheckIncludeFiles.c:2:19: fatal error: synch.h: No such file or directory
compilation terminated.
make[1]: Leaving directory `/home/zy/cryptdb/mysql-src/build/CMakeFiles/CMakeTmp'
make[1]: *** [CMakeFiles/cmTryCompileExec.dir/CheckIncludeFiles.c.o] Error 1
make: *** [cmTryCompileExec/fast] Error 2

Source:
/* */
#include <synch.h>


int main(){return 0;}

Determining if files sysent.h exist failed with the following output:
Change Dir: /home/zy/cryptdb/mysql-src/build/CMakeFiles/CMakeTmp

Run Build Command:/usr/bin/make "cmTryCompileExec/fast"
/usr/bin/make -f CMakeFiles/cmTryCompileExec.dir/build.make CMakeFiles/cmTryCompileExec.dir/build
make[1]: Entering directory `/home/zy/cryptdb/mysql-src/build/CMakeFiles/CMakeTmp'
/usr/bin/cmake -E cmake_progress_report /home/zy/cryptdb/mysql-src/build/CMakeFiles/CMakeTmp/CMakeFiles 1
Building C object CMakeFiles/cmTryCompileExec.dir/CheckIncludeFiles.c.o
/usr/bin/gcc   -Wall     -o CMakeFiles/cmTryCompileExec.dir/CheckIncludeFiles.c.o   -c /home/zy/cryptdb/mysql-src/build/CMakeFiles/CMakeTmp/CheckIncludeFiles.c
/home/zy/cryptdb/mysql-src/build/CMakeFiles/CMakeTmp/CheckIncludeFiles.c:2:20: fatal error: sysent.h: No such file or directory
compilation terminated.
make[1]: Leaving directory `/home/zy/cryptdb/mysql-src/build/CMakeFiles/CMakeTmp'
make[1]: *** [CMakeFiles/cmTryCompileExec.dir/CheckIncludeFiles.c.o] Error 1
make: *** [cmTryCompileExec/fast] Error 2

Source:
/* */
#include <sysent.h>


int main(){return 0;}

Determining if files sys/fpu.h exist failed with the following output:
Change Dir: /home/zy/cryptdb/mysql-src/build/CMakeFiles/CMakeTmp

Run Build Command:/usr/bin/make "cmTryCompileExec/fast"
/usr/bin/make -f CMakeFiles/cmTryCompileExec.dir/build.make CMakeFiles/cmTryCompileExec.dir/build
make[1]: Entering directory `/home/zy/cryptdb/mysql-src/build/CMakeFiles/CMakeTmp'
/usr/bin/cmake -E cmake_progress_report /home/zy/cryptdb/mysql-src/build/CMakeFiles/CMakeTmp/CMakeFiles 1
Building C object CMakeFiles/cmTryCompileExec.dir/CheckIncludeFiles.c.o
/usr/bin/gcc   -Wall     -o CMakeFiles/cmTryCompileExec.dir/CheckIncludeFiles.c.o   -c /home/zy/cryptdb/mysql-src/build/CMakeFiles/CMakeTmp/CheckIncludeFiles.c
/home/zy/cryptdb/mysql-src/build/CMakeFiles/CMakeTmp/CheckIncludeFiles.c:2:21: fatal error: sys/fpu.h: No such file or directory
compilation terminated.
make[1]: Leaving directory `/home/zy/cryptdb/mysql-src/build/CMakeFiles/CMakeTmp'
make[1]: *** [CMakeFiles/cmTryCompileExec.dir/CheckIncludeFiles.c.o] Error 1
make: *** [cmTryCompileExec/fast] Error 2

Source:
/* */
#include <sys/fpu.h>


int main(){return 0;}

Determining if files sys/malloc.h exist failed with the following output:
Change Dir: /home/zy/cryptdb/mysql-src/build/CMakeFiles/CMakeTmp

Run Build Command:/usr/bin/make "cmTryCompileExec/fast"
/usr/bin/make -f CMakeFiles/cmTryCompileExec.dir/build.make CMakeFiles/cmTryCompileExec.dir/build
make[1]: Entering directory `/home/zy/cryptdb/mysql-src/build/CMakeFiles/CMakeTmp'
/usr/bin/cmake -E cmake_progress_report /home/zy/cryptdb/mysql-src/build/CMakeFiles/CMakeTmp/CMakeFiles 1
Building C object CMakeFiles/cmTryCompileExec.dir/CheckIncludeFiles.c.o
/usr/bin/gcc   -Wall     -o CMakeFiles/cmTryCompileExec.dir/CheckIncludeFiles.c.o   -c /home/zy/cryptdb/mysql-src/build/CMakeFiles/CMakeTmp/CheckIncludeFiles.c
/home/zy/cryptdb/mysql-src/build/CMakeFiles/CMakeTmp/CheckIncludeFiles.c:2:24: fatal error: sys/malloc.h: No such file or directory
compilation terminated.
make[1]: Leaving directory `/home/zy/cryptdb/mysql-src/build/CMakeFiles/CMakeTmp'
make[1]: *** [CMakeFiles/cmTryCompileExec.dir/CheckIncludeFiles.c.o] Error 1
make: *** [cmTryCompileExec/fast] Error 2

Source:
/* */
#include <sys/malloc.h>


int main(){return 0;}

Determining if files sys/stream.h exist failed with the following output:
Change Dir: /home/zy/cryptdb/mysql-src/build/CMakeFiles/CMakeTmp

Run Build Command:/usr/bin/make "cmTryCompileExec/fast"
/usr/bin/make -f CMakeFiles/cmTryCompileExec.dir/build.make CMakeFiles/cmTryCompileExec.dir/build
make[1]: Entering directory `/home/zy/cryptdb/mysql-src/build/CMakeFiles/CMakeTmp'
/usr/bin/cmake -E cmake_progress_report /home/zy/cryptdb/mysql-src/build/CMakeFiles/CMakeTmp/CMakeFiles 1
Building C object CMakeFiles/cmTryCompileExec.dir/CheckIncludeFiles.c.o
/usr/bin/gcc   -Wall     -o CMakeFiles/cmTryCompileExec.dir/CheckIncludeFiles.c.o   -c /home/zy/cryptdb/mysql-src/build/CMakeFiles/CMakeTmp/CheckIncludeFiles.c
/home/zy/cryptdb/mysql-src/build/CMakeFiles/CMakeTmp/CheckIncludeFiles.c:2:24: fatal error: sys/stream.h: No such file or directory
compilation terminated.
make[1]: Leaving directory `/home/zy/cryptdb/mysql-src/build/CMakeFiles/CMakeTmp'
make[1]: *** [CMakeFiles/cmTryCompileExec.dir/CheckIncludeFiles.c.o] Error 1
make: *** [cmTryCompileExec/fast] Error 2

Source:
/* */
#include <sys/stream.h>


int main(){return 0;}

Determining if files sys/termcap.h exist failed with the following output:
Change Dir: /home/zy/cryptdb/mysql-src/build/CMakeFiles/CMakeTmp

Run Build Command:/usr/bin/make "cmTryCompileExec/fast"
/usr/bin/make -f CMakeFiles/cmTryCompileExec.dir/build.make CMakeFiles/cmTryCompileExec.dir/build
make[1]: Entering directory `/home/zy/cryptdb/mysql-src/build/CMakeFiles/CMakeTmp'
/usr/bin/cmake -E cmake_progress_report /home/zy/cryptdb/mysql-src/build/CMakeFiles/CMakeTmp/CMakeFiles 1
Building C object CMakeFiles/cmTryCompileExec.dir/CheckIncludeFiles.c.o
/usr/bin/gcc   -Wall     -o CMakeFiles/cmTryCompileExec.dir/CheckIncludeFiles.c.o   -c /home/zy/cryptdb/mysql-src/build/CMakeFiles/CMakeTmp/CheckIncludeFiles.c
/home/zy/cryptdb/mysql-src/build/CMakeFiles/CMakeTmp/CheckIncludeFiles.c:2:25: fatal error: sys/termcap.h: No such file or directory
compilation terminated.
make[1]: Leaving directory `/home/zy/cryptdb/mysql-src/build/CMakeFiles/CMakeTmp'
make[1]: *** [CMakeFiles/cmTryCompileExec.dir/CheckIncludeFiles.c.o] Error 1
make: *** [cmTryCompileExec/fast] Error 2

Source:
/* */
#include <sys/termcap.h>


int main(){return 0;}

Determining if files termbits.h exist failed with the following output:
Change Dir: /home/zy/cryptdb/mysql-src/build/CMakeFiles/CMakeTmp

Run Build Command:/usr/bin/make "cmTryCompileExec/fast"
/usr/bin/make -f CMakeFiles/cmTryCompileExec.dir/build.make CMakeFiles/cmTryCompileExec.dir/build
make[1]: Entering directory `/home/zy/cryptdb/mysql-src/build/CMakeFiles/CMakeTmp'
/usr/bin/cmake -E cmake_progress_report /home/zy/cryptdb/mysql-src/build/CMakeFiles/CMakeTmp/CMakeFiles 1
Building C object CMakeFiles/cmTryCompileExec.dir/CheckIncludeFiles.c.o
/usr/bin/gcc   -Wall     -o CMakeFiles/cmTryCompileExec.dir/CheckIncludeFiles.c.o   -c /home/zy/cryptdb/mysql-src/build/CMakeFiles/CMakeTmp/CheckIncludeFiles.c
/home/zy/cryptdb/mysql-src/build/CMakeFiles/CMakeTmp/CheckIncludeFiles.c:2:22: fatal error: termbits.h: No such file or directory
compilation terminated.
make[1]: Leaving directory `/home/zy/cryptdb/mysql-src/build/CMakeFiles/CMakeTmp'
make[1]: *** [CMakeFiles/cmTryCompileExec.dir/CheckIncludeFiles.c.o] Error 1
make: *** [cmTryCompileExec/fast] Error 2

Source:
/* */
#include <termbits.h>


int main(){return 0;}

Determining if files varargs.h exist failed with the following output:
Change Dir: /home/zy/cryptdb/mysql-src/build/CMakeFiles/CMakeTmp

Run Build Command:/usr/bin/make "cmTryCompileExec/fast"
/usr/bin/make -f CMakeFiles/cmTryCompileExec.dir/build.make CMakeFiles/cmTryCompileExec.dir/build
make[1]: Entering directory `/home/zy/cryptdb/mysql-src/build/CMakeFiles/CMakeTmp'
/usr/bin/cmake -E cmake_progress_report /home/zy/cryptdb/mysql-src/build/CMakeFiles/CMakeTmp/CMakeFiles 1
Building C object CMakeFiles/cmTryCompileExec.dir/CheckIncludeFiles.c.o
/usr/bin/gcc   -Wall     -o CMakeFiles/cmTryCompileExec.dir/CheckIncludeFiles.c.o   -c /home/zy/cryptdb/mysql-src/build/CMakeFiles/CMakeTmp/CheckIncludeFiles.c
In file included from /home/zy/cryptdb/mysql-src/build/CMakeFiles/CMakeTmp/CheckIncludeFiles.c:2:0:
/usr/lib/gcc/x86_64-linux-gnu/4.6/include/varargs.h:4:2: error: #error "GCC no longer implements <varargs.h>."
/usr/lib/gcc/x86_64-linux-gnu/4.6/include/varargs.h:5:2: error: #error "Revise your code to use <stdarg.h>."
make[1]: Leaving directory `/home/zy/cryptdb/mysql-src/build/CMakeFiles/CMakeTmp'
make[1]: *** [CMakeFiles/cmTryCompileExec.dir/CheckIncludeFiles.c.o] Error 1
make: *** [cmTryCompileExec/fast] Error 2

Source:
/* */
#include <varargs.h>


int main(){return 0;}

Determining if files sys/utime.h exist failed with the following output:
Change Dir: /home/zy/cryptdb/mysql-src/build/CMakeFiles/CMakeTmp

Run Build Command:/usr/bin/make "cmTryCompileExec/fast"
/usr/bin/make -f CMakeFiles/cmTryCompileExec.dir/build.make CMakeFiles/cmTryCompileExec.dir/build
make[1]: Entering directory `/home/zy/cryptdb/mysql-src/build/CMakeFiles/CMakeTmp'
/usr/bin/cmake -E cmake_progress_report /home/zy/cryptdb/mysql-src/build/CMakeFiles/CMakeTmp/CMakeFiles 1
Building C object CMakeFiles/cmTryCompileExec.dir/CheckIncludeFiles.c.o
/usr/bin/gcc   -Wall     -o CMakeFiles/cmTryCompileExec.dir/CheckIncludeFiles.c.o   -c /home/zy/cryptdb/mysql-src/build/CMakeFiles/CMakeTmp/CheckIncludeFiles.c
/home/zy/cryptdb/mysql-src/build/CMakeFiles/CMakeTmp/CheckIncludeFiles.c:2:23: fatal error: sys/utime.h: No such file or directory
compilation terminated.
make[1]: Leaving directory `/home/zy/cryptdb/mysql-src/build/CMakeFiles/CMakeTmp'
make[1]: *** [CMakeFiles/cmTryCompileExec.dir/CheckIncludeFiles.c.o] Error 1
make: *** [cmTryCompileExec/fast] Error 2

Source:
/* */
#include <sys/utime.h>


int main(){return 0;}

Determining if files sys/vadvise.h exist failed with the following output:
Change Dir: /home/zy/cryptdb/mysql-src/build/CMakeFiles/CMakeTmp

Run Build Command:/usr/bin/make "cmTryCompileExec/fast"
/usr/bin/make -f CMakeFiles/cmTryCompileExec.dir/build.make CMakeFiles/cmTryCompileExec.dir/build
make[1]: Entering directory `/home/zy/cryptdb/mysql-src/build/CMakeFiles/CMakeTmp'
/usr/bin/cmake -E cmake_progress_report /home/zy/cryptdb/mysql-src/build/CMakeFiles/CMakeTmp/CMakeFiles 1
Building C object CMakeFiles/cmTryCompileExec.dir/CheckIncludeFiles.c.o
/usr/bin/gcc   -Wall     -o CMakeFiles/cmTryCompileExec.dir/CheckIncludeFiles.c.o   -c /home/zy/cryptdb/mysql-src/build/CMakeFiles/CMakeTmp/CheckIncludeFiles.c
/home/zy/cryptdb/mysql-src/build/CMakeFiles/CMakeTmp/CheckIncludeFiles.c:2:25: fatal error: sys/vadvise.h: No such file or directory
compilation terminated.
make[1]: Leaving directory `/home/zy/cryptdb/mysql-src/build/CMakeFiles/CMakeTmp'
make[1]: *** [CMakeFiles/cmTryCompileExec.dir/CheckIncludeFiles.c.o] Error 1
make: *** [cmTryCompileExec/fast] Error 2

Source:
/* */
#include <sys/vadvise.h>


int main(){return 0;}

Determining if files sys/ptem.h exist failed with the following output:
Change Dir: /home/zy/cryptdb/mysql-src/build/CMakeFiles/CMakeTmp

Run Build Command:/usr/bin/make "cmTryCompileExec/fast"
/usr/bin/make -f CMakeFiles/cmTryCompileExec.dir/build.make CMakeFiles/cmTryCompileExec.dir/build
make[1]: Entering directory `/home/zy/cryptdb/mysql-src/build/CMakeFiles/CMakeTmp'
/usr/bin/cmake -E cmake_progress_report /home/zy/cryptdb/mysql-src/build/CMakeFiles/CMakeTmp/CMakeFiles 1
Building C object CMakeFiles/cmTryCompileExec.dir/CheckIncludeFiles.c.o
/usr/bin/gcc   -Wall     -o CMakeFiles/cmTryCompileExec.dir/CheckIncludeFiles.c.o   -c /home/zy/cryptdb/mysql-src/build/CMakeFiles/CMakeTmp/CheckIncludeFiles.c
/home/zy/cryptdb/mysql-src/build/CMakeFiles/CMakeTmp/CheckIncludeFiles.c:2:22: fatal error: sys/ptem.h: No such file or directory
compilation terminated.
make[1]: Leaving directory `/home/zy/cryptdb/mysql-src/build/CMakeFiles/CMakeTmp'
make[1]: *** [CMakeFiles/cmTryCompileExec.dir/CheckIncludeFiles.c.o] Error 1
make: *** [cmTryCompileExec/fast] Error 2

Source:
/* */
#include <sys/ptem.h>


int main(){return 0;}

Determining if the function printstack exists failed with the following output:
Change Dir: /home/zy/cryptdb/mysql-src/build/CMakeFiles/CMakeTmp

Run Build Command:/usr/bin/make "cmTryCompileExec/fast"
/usr/bin/make -f CMakeFiles/cmTryCompileExec.dir/build.make CMakeFiles/cmTryCompileExec.dir/build
make[1]: Entering directory `/home/zy/cryptdb/mysql-src/build/CMakeFiles/CMakeTmp'
/usr/bin/cmake -E cmake_progress_report /home/zy/cryptdb/mysql-src/build/CMakeFiles/CMakeTmp/CMakeFiles 1
Building C object CMakeFiles/cmTryCompileExec.dir/CheckFunctionExists.c.o
/usr/bin/gcc   -Wall  -DCHECK_FUNCTION_EXISTS=printstack   -o CMakeFiles/cmTryCompileExec.dir/CheckFunctionExists.c.o   -c /usr/share/cmake-2.8/Modules/CheckFunctionExists.c
Linking C executable cmTryCompileExec
/usr/bin/cmake -E cmake_link_script CMakeFiles/cmTryCompileExec.dir/link.txt --verbose=1
/usr/bin/gcc    -Wall  -DCHECK_FUNCTION_EXISTS=printstack    CMakeFiles/cmTryCompileExec.dir/CheckFunctionExists.c.o  -o cmTryCompileExec -rdynamic -lm -lcrypt -ldl -lpthread -lrt 
CMakeFiles/cmTryCompileExec.dir/CheckFunctionExists.c.o: In function `main':
CheckFunctionExists.c:(.text+0x15): undefined reference to `printstack'
make[1]: Leaving directory `/home/zy/cryptdb/mysql-src/build/CMakeFiles/CMakeTmp'
collect2: ld returned 1 exit status
make[1]: *** [cmTryCompileExec] Error 1
make: *** [cmTryCompileExec/fast] Error 2


Determining if the function bfill exists failed with the following output:
Change Dir: /home/zy/cryptdb/mysql-src/build/CMakeFiles/CMakeTmp

Run Build Command:/usr/bin/make "cmTryCompileExec/fast"
/usr/bin/make -f CMakeFiles/cmTryCompileExec.dir/build.make CMakeFiles/cmTryCompileExec.dir/build
make[1]: Entering directory `/home/zy/cryptdb/mysql-src/build/CMakeFiles/CMakeTmp'
/usr/bin/cmake -E cmake_progress_report /home/zy/cryptdb/mysql-src/build/CMakeFiles/CMakeTmp/CMakeFiles 1
Building C object CMakeFiles/cmTryCompileExec.dir/CheckFunctionExists.c.o
/usr/bin/gcc   -Wall  -DCHECK_FUNCTION_EXISTS=bfill   -o CMakeFiles/cmTryCompileExec.dir/CheckFunctionExists.c.o   -c /usr/share/cmake-2.8/Modules/CheckFunctionExists.c
Linking C executable cmTryCompileExec
/usr/bin/cmake -E cmake_link_script CMakeFiles/cmTryCompileExec.dir/link.txt --verbose=1
/usr/bin/gcc    -Wall  -DCHECK_FUNCTION_EXISTS=bfill    CMakeFiles/cmTryCompileExec.dir/CheckFunctionExists.c.o  -o cmTryCompileExec -rdynamic -lm -lcrypt -ldl -lpthread -lrt 
CMakeFiles/cmTryCompileExec.dir/CheckFunctionExists.c.o: In function `main':
CheckFunctionExists.c:(.text+0x15): undefined reference to `bfill'
collect2: ld returned 1 exit status
make[1]: Leaving directory `/home/zy/cryptdb/mysql-src/build/CMakeFiles/CMakeTmp'
make[1]: *** [cmTryCompileExec] Error 1
make: *** [cmTryCompileExec/fast] Error 2


Determining if the function bmove exists failed with the following output:
Change Dir: /home/zy/cryptdb/mysql-src/build/CMakeFiles/CMakeTmp

Run Build Command:/usr/bin/make "cmTryCompileExec/fast"
/usr/bin/make -f CMakeFiles/cmTryCompileExec.dir/build.make CMakeFiles/cmTryCompileExec.dir/build
make[1]: Entering directory `/home/zy/cryptdb/mysql-src/build/CMakeFiles/CMakeTmp'
/usr/bin/cmake -E cmake_progress_report /home/zy/cryptdb/mysql-src/build/CMakeFiles/CMakeTmp/CMakeFiles 1
Building C object CMakeFiles/cmTryCompileExec.dir/CheckFunctionExists.c.o
/usr/bin/gcc   -Wall  -DCHECK_FUNCTION_EXISTS=bmove   -o CMakeFiles/cmTryCompileExec.dir/CheckFunctionExists.c.o   -c /usr/share/cmake-2.8/Modules/CheckFunctionExists.c
Linking C executable cmTryCompileExec
/usr/bin/cmake -E cmake_link_script CMakeFiles/cmTryCompileExec.dir/link.txt --verbose=1
/usr/bin/gcc    -Wall  -DCHECK_FUNCTION_EXISTS=bmove    CMakeFiles/cmTryCompileExec.dir/CheckFunctionExists.c.o  -o cmTryCompileExec -rdynamic -lm -lcrypt -ldl -lpthread -lrt 
CMakeFiles/cmTryCompileExec.dir/CheckFunctionExists.c.o: In function `main':
CheckFunctionExists.c:(.text+0x15): undefined reference to `bmove'
collect2: ld returned 1 exit status
make[1]: Leaving directory `/home/zy/cryptdb/mysql-src/build/CMakeFiles/CMakeTmp'
make[1]: *** [cmTryCompileExec] Error 1
make: *** [cmTryCompileExec/fast] Error 2


Determining if the function directio exists failed with the following output:
Change Dir: /home/zy/cryptdb/mysql-src/build/CMakeFiles/CMakeTmp

Run Build Command:/usr/bin/make "cmTryCompileExec/fast"
/usr/bin/make -f CMakeFiles/cmTryCompileExec.dir/build.make CMakeFiles/cmTryCompileExec.dir/build
make[1]: Entering directory `/home/zy/cryptdb/mysql-src/build/CMakeFiles/CMakeTmp'
/usr/bin/cmake -E cmake_progress_report /home/zy/cryptdb/mysql-src/build/CMakeFiles/CMakeTmp/CMakeFiles 1
Building C object CMakeFiles/cmTryCompileExec.dir/CheckFunctionExists.c.o
/usr/bin/gcc   -Wall  -DCHECK_FUNCTION_EXISTS=directio   -o CMakeFiles/cmTryCompileExec.dir/CheckFunctionExists.c.o   -c /usr/share/cmake-2.8/Modules/CheckFunctionExists.c
Linking C executable cmTryCompileExec
/usr/bin/cmake -E cmake_link_script CMakeFiles/cmTryCompileExec.dir/link.txt --verbose=1
/usr/bin/gcc    -Wall  -DCHECK_FUNCTION_EXISTS=directio    CMakeFiles/cmTryCompileExec.dir/CheckFunctionExists.c.o  -o cmTryCompileExec -rdynamic -lm -lcrypt -ldl -lpthread -lrt 
CMakeFiles/cmTryCompileExec.dir/CheckFunctionExists.c.o: In function `main':
CheckFunctionExists.c:(.text+0x15): undefined reference to `directio'
make[1]: Leaving directory `/home/zy/cryptdb/mysql-src/build/CMakeFiles/CMakeTmp'
collect2: ld returned 1 exit status
make[1]: *** [cmTryCompileExec] Error 1
make: *** [cmTryCompileExec/fast] Error 2


Determining if the function _doprnt exists failed with the following output:
Change Dir: /home/zy/cryptdb/mysql-src/build/CMakeFiles/CMakeTmp

Run Build Command:/usr/bin/make "cmTryCompileExec/fast"
/usr/bin/make -f CMakeFiles/cmTryCompileExec.dir/build.make CMakeFiles/cmTryCompileExec.dir/build
make[1]: Entering directory `/home/zy/cryptdb/mysql-src/build/CMakeFiles/CMakeTmp'
/usr/bin/cmake -E cmake_progress_report /home/zy/cryptdb/mysql-src/build/CMakeFiles/CMakeTmp/CMakeFiles 1
Building C object CMakeFiles/cmTryCompileExec.dir/CheckFunctionExists.c.o
/usr/bin/gcc   -Wall  -DCHECK_FUNCTION_EXISTS=_doprnt   -o CMakeFiles/cmTryCompileExec.dir/CheckFunctionExists.c.o   -c /usr/share/cmake-2.8/Modules/CheckFunctionExists.c
Linking C executable cmTryCompileExec
/usr/bin/cmake -E cmake_link_script CMakeFiles/cmTryCompileExec.dir/link.txt --verbose=1
/usr/bin/gcc    -Wall  -DCHECK_FUNCTION_EXISTS=_doprnt    CMakeFiles/cmTryCompileExec.dir/CheckFunctionExists.c.o  -o cmTryCompileExec -rdynamic -lm -lcrypt -ldl -lpthread -lrt 
CMakeFiles/cmTryCompileExec.dir/CheckFunctionExists.c.o: In function `main':
CheckFunctionExists.c:(.text+0x15): undefined reference to `_doprnt'
make[1]: Leaving directory `/home/zy/cryptdb/mysql-src/build/CMakeFiles/CMakeTmp'
collect2: ld returned 1 exit status
make[1]: *** [cmTryCompileExec] Error 1
make: *** [cmTryCompileExec/fast] Error 2


Determining if the function compress exists failed with the following output:
Change Dir: /home/zy/cryptdb/mysql-src/build/CMakeFiles/CMakeTmp

Run Build Command:/usr/bin/make "cmTryCompileExec/fast"
/usr/bin/make -f CMakeFiles/cmTryCompileExec.dir/build.make CMakeFiles/cmTryCompileExec.dir/build
make[1]: Entering directory `/home/zy/cryptdb/mysql-src/build/CMakeFiles/CMakeTmp'
/usr/bin/cmake -E cmake_progress_report /home/zy/cryptdb/mysql-src/build/CMakeFiles/CMakeTmp/CMakeFiles 1
Building C object CMakeFiles/cmTryCompileExec.dir/CheckFunctionExists.c.o
/usr/bin/gcc   -Wall  -DCHECK_FUNCTION_EXISTS=compress   -o CMakeFiles/cmTryCompileExec.dir/CheckFunctionExists.c.o   -c /usr/share/cmake-2.8/Modules/CheckFunctionExists.c
Linking C executable cmTryCompileExec
/usr/bin/cmake -E cmake_link_script CMakeFiles/cmTryCompileExec.dir/link.txt --verbose=1
/usr/bin/gcc    -Wall  -DCHECK_FUNCTION_EXISTS=compress    CMakeFiles/cmTryCompileExec.dir/CheckFunctionExists.c.o  -o cmTryCompileExec -rdynamic -lm -lcrypt -ldl -lpthread -lrt 
CMakeFiles/cmTryCompileExec.dir/CheckFunctionExists.c.o: In function `main':
CheckFunctionExists.c:(.text+0x15): undefined reference to `compress'
collect2: ld returned 1 exit status
make[1]: Leaving directory `/home/zy/cryptdb/mysql-src/build/CMakeFiles/CMakeTmp'
make[1]: *** [cmTryCompileExec] Error 1
make: *** [cmTryCompileExec/fast] Error 2


Determining if the function fconvert exists failed with the following output:
Change Dir: /home/zy/cryptdb/mysql-src/build/CMakeFiles/CMakeTmp

Run Build Command:/usr/bin/make "cmTryCompileExec/fast"
/usr/bin/make -f CMakeFiles/cmTryCompileExec.dir/build.make CMakeFiles/cmTryCompileExec.dir/build
make[1]: Entering directory `/home/zy/cryptdb/mysql-src/build/CMakeFiles/CMakeTmp'
/usr/bin/cmake -E cmake_progress_report /home/zy/cryptdb/mysql-src/build/CMakeFiles/CMakeTmp/CMakeFiles 1
Building C object CMakeFiles/cmTryCompileExec.dir/CheckFunctionExists.c.o
/usr/bin/gcc   -Wall  -DCHECK_FUNCTION_EXISTS=fconvert   -o CMakeFiles/cmTryCompileExec.dir/CheckFunctionExists.c.o   -c /usr/share/cmake-2.8/Modules/CheckFunctionExists.c
Linking C executable cmTryCompileExec
/usr/bin/cmake -E cmake_link_script CMakeFiles/cmTryCompileExec.dir/link.txt --verbose=1
/usr/bin/gcc    -Wall  -DCHECK_FUNCTION_EXISTS=fconvert    CMakeFiles/cmTryCompileExec.dir/CheckFunctionExists.c.o  -o cmTryCompileExec -rdynamic -lm -lcrypt -ldl -lpthread -lrt 
CMakeFiles/cmTryCompileExec.dir/CheckFunctionExists.c.o: In function `main':
CheckFunctionExists.c:(.text+0x15): undefined reference to `fconvert'
collect2: ld returned 1 exit status
make[1]: Leaving directory `/home/zy/cryptdb/mysql-src/build/CMakeFiles/CMakeTmp'
make[1]: *** [cmTryCompileExec] Error 1
make: *** [cmTryCompileExec/fast] Error 2


Determining if the function fpsetmask exists failed with the following output:
Change Dir: /home/zy/cryptdb/mysql-src/build/CMakeFiles/CMakeTmp

Run Build Command:/usr/bin/make "cmTryCompileExec/fast"
/usr/bin/make -f CMakeFiles/cmTryCompileExec.dir/build.make CMakeFiles/cmTryCompileExec.dir/build
make[1]: Entering directory `/home/zy/cryptdb/mysql-src/build/CMakeFiles/CMakeTmp'
/usr/bin/cmake -E cmake_progress_report /home/zy/cryptdb/mysql-src/build/CMakeFiles/CMakeTmp/CMakeFiles 1
Building C object CMakeFiles/cmTryCompileExec.dir/CheckFunctionExists.c.o
/usr/bin/gcc   -Wall  -DCHECK_FUNCTION_EXISTS=fpsetmask   -o CMakeFiles/cmTryCompileExec.dir/CheckFunctionExists.c.o   -c /usr/share/cmake-2.8/Modules/CheckFunctionExists.c
Linking C executable cmTryCompileExec
/usr/bin/cmake -E cmake_link_script CMakeFiles/cmTryCompileExec.dir/link.txt --verbose=1
/usr/bin/gcc    -Wall  -DCHECK_FUNCTION_EXISTS=fpsetmask    CMakeFiles/cmTryCompileExec.dir/CheckFunctionExists.c.o  -o cmTryCompileExec -rdynamic -lm -lcrypt -ldl -lpthread -lrt 
CMakeFiles/cmTryCompileExec.dir/CheckFunctionExists.c.o: In function `main':
CheckFunctionExists.c:(.text+0x15): undefined reference to `fpsetmask'
collect2: ld returned 1 exit status
make[1]: Leaving directory `/home/zy/cryptdb/mysql-src/build/CMakeFiles/CMakeTmp'
make[1]: *** [cmTryCompileExec] Error 1
make: *** [cmTryCompileExec/fast] Error 2


Determining if the function gethrtime exists failed with the following output:
Change Dir: /home/zy/cryptdb/mysql-src/build/CMakeFiles/CMakeTmp

Run Build Command:/usr/bin/make "cmTryCompileExec/fast"
/usr/bin/make -f CMakeFiles/cmTryCompileExec.dir/build.make CMakeFiles/cmTryCompileExec.dir/build
make[1]: Entering directory `/home/zy/cryptdb/mysql-src/build/CMakeFiles/CMakeTmp'
/usr/bin/cmake -E cmake_progress_report /home/zy/cryptdb/mysql-src/build/CMakeFiles/CMakeTmp/CMakeFiles 1
Building C object CMakeFiles/cmTryCompileExec.dir/CheckFunctionExists.c.o
/usr/bin/gcc   -Wall  -DCHECK_FUNCTION_EXISTS=gethrtime   -o CMakeFiles/cmTryCompileExec.dir/CheckFunctionExists.c.o   -c /usr/share/cmake-2.8/Modules/CheckFunctionExists.c
Linking C executable cmTryCompileExec
/usr/bin/cmake -E cmake_link_script CMakeFiles/cmTryCompileExec.dir/link.txt --verbose=1
/usr/bin/gcc    -Wall  -DCHECK_FUNCTION_EXISTS=gethrtime    CMakeFiles/cmTryCompileExec.dir/CheckFunctionExists.c.o  -o cmTryCompileExec -rdynamic -lm -lcrypt -ldl -lpthread -lrt 
CMakeFiles/cmTryCompileExec.dir/CheckFunctionExists.c.o: In function `main':
CheckFunctionExists.c:(.text+0x15): undefined reference to `gethrtime'
collect2: ld returned 1 exit status
make[1]: Leaving directory `/home/zy/cryptdb/mysql-src/build/CMakeFiles/CMakeTmp'
make[1]: *** [cmTryCompileExec] Error 1
make: *** [cmTryCompileExec/fast] Error 2


Determining if the function getpassphrase exists failed with the following output:
Change Dir: /home/zy/cryptdb/mysql-src/build/CMakeFiles/CMakeTmp

Run Build Command:/usr/bin/make "cmTryCompileExec/fast"
/usr/bin/make -f CMakeFiles/cmTryCompileExec.dir/build.make CMakeFiles/cmTryCompileExec.dir/build
make[1]: Entering directory `/home/zy/cryptdb/mysql-src/build/CMakeFiles/CMakeTmp'
/usr/bin/cmake -E cmake_progress_report /home/zy/cryptdb/mysql-src/build/CMakeFiles/CMakeTmp/CMakeFiles 1
Building C object CMakeFiles/cmTryCompileExec.dir/CheckFunctionExists.c.o
/usr/bin/gcc   -Wall  -DCHECK_FUNCTION_EXISTS=getpassphrase   -o CMakeFiles/cmTryCompileExec.dir/CheckFunctionExists.c.o   -c /usr/share/cmake-2.8/Modules/CheckFunctionExists.c
Linking C executable cmTryCompileExec
/usr/bin/cmake -E cmake_link_script CMakeFiles/cmTryCompileExec.dir/link.txt --verbose=1
/usr/bin/gcc    -Wall  -DCHECK_FUNCTION_EXISTS=getpassphrase    CMakeFiles/cmTryCompileExec.dir/CheckFunctionExists.c.o  -o cmTryCompileExec -rdynamic -lm -lcrypt -ldl -lpthread -lrt 
CMakeFiles/cmTryCompileExec.dir/CheckFunctionExists.c.o: In function `main':
CheckFunctionExists.c:(.text+0x15): undefined reference to `getpassphrase'
collect2: ld returned 1 exit status
make[1]: Leaving directory `/home/zy/cryptdb/mysql-src/build/CMakeFiles/CMakeTmp'
make[1]: *** [cmTryCompileExec] Error 1
make: *** [cmTryCompileExec/fast] Error 2


Determining if the function issetugid exists failed with the following output:
Change Dir: /home/zy/cryptdb/mysql-src/build/CMakeFiles/CMakeTmp

Run Build Command:/usr/bin/make "cmTryCompileExec/fast"
/usr/bin/make -f CMakeFiles/cmTryCompileExec.dir/build.make CMakeFiles/cmTryCompileExec.dir/build
make[1]: Entering directory `/home/zy/cryptdb/mysql-src/build/CMakeFiles/CMakeTmp'
/usr/bin/cmake -E cmake_progress_report /home/zy/cryptdb/mysql-src/build/CMakeFiles/CMakeTmp/CMakeFiles 1
Building C object CMakeFiles/cmTryCompileExec.dir/CheckFunctionExists.c.o
/usr/bin/gcc   -Wall  -DCHECK_FUNCTION_EXISTS=issetugid   -o CMakeFiles/cmTryCompileExec.dir/CheckFunctionExists.c.o   -c /usr/share/cmake-2.8/Modules/CheckFunctionExists.c
Linking C executable cmTryCompileExec
/usr/bin/cmake -E cmake_link_script CMakeFiles/cmTryCompileExec.dir/link.txt --verbose=1
/usr/bin/gcc    -Wall  -DCHECK_FUNCTION_EXISTS=issetugid    CMakeFiles/cmTryCompileExec.dir/CheckFunctionExists.c.o  -o cmTryCompileExec -rdynamic -lm -lcrypt -ldl -lpthread -lrt 
CMakeFiles/cmTryCompileExec.dir/CheckFunctionExists.c.o: In function `main':
CheckFunctionExists.c:(.text+0x15): undefined reference to `issetugid'
collect2: ld returned 1 exit status
make[1]: Leaving directory `/home/zy/cryptdb/mysql-src/build/CMakeFiles/CMakeTmp'
make[1]: *** [cmTryCompileExec] Error 1
make: *** [cmTryCompileExec/fast] Error 2


Determining if the function port_create exists failed with the following output:
Change Dir: /home/zy/cryptdb/mysql-src/build/CMakeFiles/CMakeTmp

Run Build Command:/usr/bin/make "cmTryCompileExec/fast"
/usr/bin/make -f CMakeFiles/cmTryCompileExec.dir/build.make CMakeFiles/cmTryCompileExec.dir/build
make[1]: Entering directory `/home/zy/cryptdb/mysql-src/build/CMakeFiles/CMakeTmp'
/usr/bin/cmake -E cmake_progress_report /home/zy/cryptdb/mysql-src/build/CMakeFiles/CMakeTmp/CMakeFiles 1
Building C object CMakeFiles/cmTryCompileExec.dir/CheckFunctionExists.c.o
/usr/bin/gcc   -Wall  -DCHECK_FUNCTION_EXISTS=port_create   -o CMakeFiles/cmTryCompileExec.dir/CheckFunctionExists.c.o   -c /usr/share/cmake-2.8/Modules/CheckFunctionExists.c
Linking C executable cmTryCompileExec
/usr/bin/cmake -E cmake_link_script CMakeFiles/cmTryCompileExec.dir/link.txt --verbose=1
/usr/bin/gcc    -Wall  -DCHECK_FUNCTION_EXISTS=port_create    CMakeFiles/cmTryCompileExec.dir/CheckFunctionExists.c.o  -o cmTryCompileExec -rdynamic -lm -lcrypt -ldl -lpthread -lrt 
CMakeFiles/cmTryCompileExec.dir/CheckFunctionExists.c.o: In function `main':
CheckFunctionExists.c:(.text+0x15): undefined reference to `port_create'
collect2: ld returned 1 exit status
make[1]: Leaving directory `/home/zy/cryptdb/mysql-src/build/CMakeFiles/CMakeTmp'
make[1]: *** [cmTryCompileExec] Error 1
make: *** [cmTryCompileExec/fast] Error 2


Determining if the function pthread_attr_create exists failed with the following output:
Change Dir: /home/zy/cryptdb/mysql-src/build/CMakeFiles/CMakeTmp

Run Build Command:/usr/bin/make "cmTryCompileExec/fast"
/usr/bin/make -f CMakeFiles/cmTryCompileExec.dir/build.make CMakeFiles/cmTryCompileExec.dir/build
make[1]: Entering directory `/home/zy/cryptdb/mysql-src/build/CMakeFiles/CMakeTmp'
/usr/bin/cmake -E cmake_progress_report /home/zy/cryptdb/mysql-src/build/CMakeFiles/CMakeTmp/CMakeFiles 1
Building C object CMakeFiles/cmTryCompileExec.dir/CheckFunctionExists.c.o
/usr/bin/gcc   -Wall  -DCHECK_FUNCTION_EXISTS=pthread_attr_create   -o CMakeFiles/cmTryCompileExec.dir/CheckFunctionExists.c.o   -c /usr/share/cmake-2.8/Modules/CheckFunctionExists.c
Linking C executable cmTryCompileExec
/usr/bin/cmake -E cmake_link_script CMakeFiles/cmTryCompileExec.dir/link.txt --verbose=1
/usr/bin/gcc    -Wall  -DCHECK_FUNCTION_EXISTS=pthread_attr_create    CMakeFiles/cmTryCompileExec.dir/CheckFunctionExists.c.o  -o cmTryCompileExec -rdynamic -lm -lcrypt -ldl -lpthread -lrt 
CMakeFiles/cmTryCompileExec.dir/CheckFunctionExists.c.o: In function `main':
CheckFunctionExists.c:(.text+0x15): undefined reference to `pthread_attr_create'
collect2: ld returned 1 exit status
make[1]: Leaving directory `/home/zy/cryptdb/mysql-src/build/CMakeFiles/CMakeTmp'
make[1]: *** [cmTryCompileExec] Error 1
make: *** [cmTryCompileExec/fast] Error 2


Determining if the function pthread_condattr_create exists failed with the following output:
Change Dir: /home/zy/cryptdb/mysql-src/build/CMakeFiles/CMakeTmp

Run Build Command:/usr/bin/make "cmTryCompileExec/fast"
/usr/bin/make -f CMakeFiles/cmTryCompileExec.dir/build.make CMakeFiles/cmTryCompileExec.dir/build
make[1]: Entering directory `/home/zy/cryptdb/mysql-src/build/CMakeFiles/CMakeTmp'
/usr/bin/cmake -E cmake_progress_report /home/zy/cryptdb/mysql-src/build/CMakeFiles/CMakeTmp/CMakeFiles 1
Building C object CMakeFiles/cmTryCompileExec.dir/CheckFunctionExists.c.o
/usr/bin/gcc   -Wall  -DCHECK_FUNCTION_EXISTS=pthread_condattr_create   -o CMakeFiles/cmTryCompileExec.dir/CheckFunctionExists.c.o   -c /usr/share/cmake-2.8/Modules/CheckFunctionExists.c
Linking C executable cmTryCompileExec
/usr/bin/cmake -E cmake_link_script CMakeFiles/cmTryCompileExec.dir/link.txt --verbose=1
/usr/bin/gcc    -Wall  -DCHECK_FUNCTION_EXISTS=pthread_condattr_create    CMakeFiles/cmTryCompileExec.dir/CheckFunctionExists.c.o  -o cmTryCompileExec -rdynamic -lm -lcrypt -ldl -lpthread -lrt 
CMakeFiles/cmTryCompileExec.dir/CheckFunctionExists.c.o: In function `main':
CheckFunctionExists.c:(.text+0x15): undefined reference to `pthread_condattr_create'
collect2: ld returned 1 exit status
make[1]: Leaving directory `/home/zy/cryptdb/mysql-src/build/CMakeFiles/CMakeTmp'
make[1]: *** [cmTryCompileExec] Error 1
make: *** [cmTryCompileExec/fast] Error 2


Determining if the function pthread_init exists failed with the following output:
Change Dir: /home/zy/cryptdb/mysql-src/build/CMakeFiles/CMakeTmp

Run Build Command:/usr/bin/make "cmTryCompileExec/fast"
/usr/bin/make -f CMakeFiles/cmTryCompileExec.dir/build.make CMakeFiles/cmTryCompileExec.dir/build
make[1]: Entering directory `/home/zy/cryptdb/mysql-src/build/CMakeFiles/CMakeTmp'
/usr/bin/cmake -E cmake_progress_report /home/zy/cryptdb/mysql-src/build/CMakeFiles/CMakeTmp/CMakeFiles 1
Building C object CMakeFiles/cmTryCompileExec.dir/CheckFunctionExists.c.o
/usr/bin/gcc   -Wall  -DCHECK_FUNCTION_EXISTS=pthread_init   -o CMakeFiles/cmTryCompileExec.dir/CheckFunctionExists.c.o   -c /usr/share/cmake-2.8/Modules/CheckFunctionExists.c
Linking C executable cmTryCompileExec
/usr/bin/cmake -E cmake_link_script CMakeFiles/cmTryCompileExec.dir/link.txt --verbose=1
/usr/bin/gcc    -Wall  -DCHECK_FUNCTION_EXISTS=pthread_init    CMakeFiles/cmTryCompileExec.dir/CheckFunctionExists.c.o  -o cmTryCompileExec -rdynamic -lm -lcrypt -ldl -lpthread -lrt 
CMakeFiles/cmTryCompileExec.dir/CheckFunctionExists.c.o: In function `main':
CheckFunctionExists.c:(.text+0x15): undefined reference to `pthread_init'
collect2: ld returned 1 exit status
make[1]: Leaving directory `/home/zy/cryptdb/mysql-src/build/CMakeFiles/CMakeTmp'
make[1]: *** [cmTryCompileExec] Error 1
make: *** [cmTryCompileExec/fast] Error 2


Determining if the function pthread_threadmask exists failed with the following output:
Change Dir: /home/zy/cryptdb/mysql-src/build/CMakeFiles/CMakeTmp

Run Build Command:/usr/bin/make "cmTryCompileExec/fast"
/usr/bin/make -f CMakeFiles/cmTryCompileExec.dir/build.make CMakeFiles/cmTryCompileExec.dir/build
make[1]: Entering directory `/home/zy/cryptdb/mysql-src/build/CMakeFiles/CMakeTmp'
/usr/bin/cmake -E cmake_progress_report /home/zy/cryptdb/mysql-src/build/CMakeFiles/CMakeTmp/CMakeFiles 1
Building C object CMakeFiles/cmTryCompileExec.dir/CheckFunctionExists.c.o
/usr/bin/gcc   -Wall  -DCHECK_FUNCTION_EXISTS=pthread_threadmask   -o CMakeFiles/cmTryCompileExec.dir/CheckFunctionExists.c.o   -c /usr/share/cmake-2.8/Modules/CheckFunctionExists.c
Linking C executable cmTryCompileExec
/usr/bin/cmake -E cmake_link_script CMakeFiles/cmTryCompileExec.dir/link.txt --verbose=1
/usr/bin/gcc    -Wall  -DCHECK_FUNCTION_EXISTS=pthread_threadmask    CMakeFiles/cmTryCompileExec.dir/CheckFunctionExists.c.o  -o cmTryCompileExec -rdynamic -lm -lcrypt -ldl -lpthread -lrt 
CMakeFiles/cmTryCompileExec.dir/CheckFunctionExists.c.o: In function `main':
CheckFunctionExists.c:(.text+0x15): undefined reference to `pthread_threadmask'
make[1]: Leaving directory `/home/zy/cryptdb/mysql-src/build/CMakeFiles/CMakeTmp'
collect2: ld returned 1 exit status
make[1]: *** [cmTryCompileExec] Error 1
make: *** [cmTryCompileExec/fast] Error 2


Determining if the function pthread_yield_np exists failed with the following output:
Change Dir: /home/zy/cryptdb/mysql-src/build/CMakeFiles/CMakeTmp

Run Build Command:/usr/bin/make "cmTryCompileExec/fast"
/usr/bin/make -f CMakeFiles/cmTryCompileExec.dir/build.make CMakeFiles/cmTryCompileExec.dir/build
make[1]: Entering directory `/home/zy/cryptdb/mysql-src/build/CMakeFiles/CMakeTmp'
/usr/bin/cmake -E cmake_progress_report /home/zy/cryptdb/mysql-src/build/CMakeFiles/CMakeTmp/CMakeFiles 1
Building C object CMakeFiles/cmTryCompileExec.dir/CheckFunctionExists.c.o
/usr/bin/gcc   -Wall  -DCHECK_FUNCTION_EXISTS=pthread_yield_np   -o CMakeFiles/cmTryCompileExec.dir/CheckFunctionExists.c.o   -c /usr/share/cmake-2.8/Modules/CheckFunctionExists.c
Linking C executable cmTryCompileExec
/usr/bin/cmake -E cmake_link_script CMakeFiles/cmTryCompileExec.dir/link.txt --verbose=1
/usr/bin/gcc    -Wall  -DCHECK_FUNCTION_EXISTS=pthread_yield_np    CMakeFiles/cmTryCompileExec.dir/CheckFunctionExists.c.o  -o cmTryCompileExec -rdynamic -lm -lcrypt -ldl -lpthread -lrt 
CMakeFiles/cmTryCompileExec.dir/CheckFunctionExists.c.o: In function `main':
CheckFunctionExists.c:(.text+0x15): undefined reference to `pthread_yield_np'
collect2: ld returned 1 exit status
make[1]: Leaving directory `/home/zy/cryptdb/mysql-src/build/CMakeFiles/CMakeTmp'
make[1]: *** [cmTryCompileExec] Error 1
make: *** [cmTryCompileExec/fast] Error 2


Determining if the function rwlock_init exists failed with the following output:
Change Dir: /home/zy/cryptdb/mysql-src/build/CMakeFiles/CMakeTmp

Run Build Command:/usr/bin/make "cmTryCompileExec/fast"
/usr/bin/make -f CMakeFiles/cmTryCompileExec.dir/build.make CMakeFiles/cmTryCompileExec.dir/build
make[1]: Entering directory `/home/zy/cryptdb/mysql-src/build/CMakeFiles/CMakeTmp'
/usr/bin/cmake -E cmake_progress_report /home/zy/cryptdb/mysql-src/build/CMakeFiles/CMakeTmp/CMakeFiles 1
Building C object CMakeFiles/cmTryCompileExec.dir/CheckFunctionExists.c.o
/usr/bin/gcc   -Wall  -DCHECK_FUNCTION_EXISTS=rwlock_init   -o CMakeFiles/cmTryCompileExec.dir/CheckFunctionExists.c.o   -c /usr/share/cmake-2.8/Modules/CheckFunctionExists.c
Linking C executable cmTryCompileExec
/usr/bin/cmake -E cmake_link_script CMakeFiles/cmTryCompileExec.dir/link.txt --verbose=1
/usr/bin/gcc    -Wall  -DCHECK_FUNCTION_EXISTS=rwlock_init    CMakeFiles/cmTryCompileExec.dir/CheckFunctionExists.c.o  -o cmTryCompileExec -rdynamic -lm -lcrypt -ldl -lpthread -lrt 
CMakeFiles/cmTryCompileExec.dir/CheckFunctionExists.c.o: In function `main':
CheckFunctionExists.c:(.text+0x15): undefined reference to `rwlock_init'
collect2: ld returned 1 exit status
make[1]: Leaving directory `/home/zy/cryptdb/mysql-src/build/CMakeFiles/CMakeTmp'
make[1]: *** [cmTryCompileExec] Error 1
make: *** [cmTryCompileExec/fast] Error 2


Determining if the function setfd exists failed with the following output:
Change Dir: /home/zy/cryptdb/mysql-src/build/CMakeFiles/CMakeTmp

Run Build Command:/usr/bin/make "cmTryCompileExec/fast"
/usr/bin/make -f CMakeFiles/cmTryCompileExec.dir/build.make CMakeFiles/cmTryCompileExec.dir/build
make[1]: Entering directory `/home/zy/cryptdb/mysql-src/build/CMakeFiles/CMakeTmp'
/usr/bin/cmake -E cmake_progress_report /home/zy/cryptdb/mysql-src/build/CMakeFiles/CMakeTmp/CMakeFiles 1
Building C object CMakeFiles/cmTryCompileExec.dir/CheckFunctionExists.c.o
/usr/bin/gcc   -Wall  -DCHECK_FUNCTION_EXISTS=setfd   -o CMakeFiles/cmTryCompileExec.dir/CheckFunctionExists.c.o   -c /usr/share/cmake-2.8/Modules/CheckFunctionExists.c
Linking C executable cmTryCompileExec
/usr/bin/cmake -E cmake_link_script CMakeFiles/cmTryCompileExec.dir/link.txt --verbose=1
/usr/bin/gcc    -Wall  -DCHECK_FUNCTION_EXISTS=setfd    CMakeFiles/cmTryCompileExec.dir/CheckFunctionExists.c.o  -o cmTryCompileExec -rdynamic -lm -lcrypt -ldl -lpthread -lrt 
CMakeFiles/cmTryCompileExec.dir/CheckFunctionExists.c.o: In function `main':
CheckFunctionExists.c:(.text+0x15): undefined reference to `setfd'
make[1]: Leaving directory `/home/zy/cryptdb/mysql-src/build/CMakeFiles/CMakeTmp'
collect2: ld returned 1 exit status
make[1]: *** [cmTryCompileExec] Error 1
make: *** [cmTryCompileExec/fast] Error 2


Determining if the function sigthreadmask exists failed with the following output:
Change Dir: /home/zy/cryptdb/mysql-src/build/CMakeFiles/CMakeTmp

Run Build Command:/usr/bin/make "cmTryCompileExec/fast"
/usr/bin/make -f CMakeFiles/cmTryCompileExec.dir/build.make CMakeFiles/cmTryCompileExec.dir/build
make[1]: Entering directory `/home/zy/cryptdb/mysql-src/build/CMakeFiles/CMakeTmp'
/usr/bin/cmake -E cmake_progress_report /home/zy/cryptdb/mysql-src/build/CMakeFiles/CMakeTmp/CMakeFiles 1
Building C object CMakeFiles/cmTryCompileExec.dir/CheckFunctionExists.c.o
/usr/bin/gcc   -Wall  -DCHECK_FUNCTION_EXISTS=sigthreadmask   -o CMakeFiles/cmTryCompileExec.dir/CheckFunctionExists.c.o   -c /usr/share/cmake-2.8/Modules/CheckFunctionExists.c
Linking C executable cmTryCompileExec
/usr/bin/cmake -E cmake_link_script CMakeFiles/cmTryCompileExec.dir/link.txt --verbose=1
/usr/bin/gcc    -Wall  -DCHECK_FUNCTION_EXISTS=sigthreadmask    CMakeFiles/cmTryCompileExec.dir/CheckFunctionExists.c.o  -o cmTryCompileExec -rdynamic -lm -lcrypt -ldl -lpthread -lrt 
CMakeFiles/cmTryCompileExec.dir/CheckFunctionExists.c.o: In function `main':
CheckFunctionExists.c:(.text+0x15): undefined reference to `sigthreadmask'
make[1]: Leaving directory `/home/zy/cryptdb/mysql-src/build/CMakeFiles/CMakeTmp'
collect2: ld returned 1 exit status
make[1]: *** [cmTryCompileExec] Error 1
make: *** [cmTryCompileExec/fast] Error 2


Determining if the function strlcpy exists failed with the following output:
Change Dir: /home/zy/cryptdb/mysql-src/build/CMakeFiles/CMakeTmp

Run Build Command:/usr/bin/make "cmTryCompileExec/fast"
/usr/bin/make -f CMakeFiles/cmTryCompileExec.dir/build.make CMakeFiles/cmTryCompileExec.dir/build
make[1]: Entering directory `/home/zy/cryptdb/mysql-src/build/CMakeFiles/CMakeTmp'
/usr/bin/cmake -E cmake_progress_report /home/zy/cryptdb/mysql-src/build/CMakeFiles/CMakeTmp/CMakeFiles 1
Building C object CMakeFiles/cmTryCompileExec.dir/CheckFunctionExists.c.o
/usr/bin/gcc   -Wall  -DCHECK_FUNCTION_EXISTS=strlcpy   -o CMakeFiles/cmTryCompileExec.dir/CheckFunctionExists.c.o   -c /usr/share/cmake-2.8/Modules/CheckFunctionExists.c
Linking C executable cmTryCompileExec
/usr/bin/cmake -E cmake_link_script CMakeFiles/cmTryCompileExec.dir/link.txt --verbose=1
/usr/bin/gcc    -Wall  -DCHECK_FUNCTION_EXISTS=strlcpy    CMakeFiles/cmTryCompileExec.dir/CheckFunctionExists.c.o  -o cmTryCompileExec -rdynamic -lm -lcrypt -ldl -lpthread -lrt 
CMakeFiles/cmTryCompileExec.dir/CheckFunctionExists.c.o: In function `main':
CheckFunctionExists.c:(.text+0x15): undefined reference to `strlcpy'
collect2: ld returned 1 exit status
make[1]: Leaving directory `/home/zy/cryptdb/mysql-src/build/CMakeFiles/CMakeTmp'
make[1]: *** [cmTryCompileExec] Error 1
make: *** [cmTryCompileExec/fast] Error 2


Determining if the function strlcat exists failed with the following output:
Change Dir: /home/zy/cryptdb/mysql-src/build/CMakeFiles/CMakeTmp

Run Build Command:/usr/bin/make "cmTryCompileExec/fast"
/usr/bin/make -f CMakeFiles/cmTryCompileExec.dir/build.make CMakeFiles/cmTryCompileExec.dir/build
make[1]: Entering directory `/home/zy/cryptdb/mysql-src/build/CMakeFiles/CMakeTmp'
/usr/bin/cmake -E cmake_progress_report /home/zy/cryptdb/mysql-src/build/CMakeFiles/CMakeTmp/CMakeFiles 1
Building C object CMakeFiles/cmTryCompileExec.dir/CheckFunctionExists.c.o
/usr/bin/gcc   -Wall  -DCHECK_FUNCTION_EXISTS=strlcat   -o CMakeFiles/cmTryCompileExec.dir/CheckFunctionExists.c.o   -c /usr/share/cmake-2.8/Modules/CheckFunctionExists.c
Linking C executable cmTryCompileExec
/usr/bin/cmake -E cmake_link_script CMakeFiles/cmTryCompileExec.dir/link.txt --verbose=1
/usr/bin/gcc    -Wall  -DCHECK_FUNCTION_EXISTS=strlcat    CMakeFiles/cmTryCompileExec.dir/CheckFunctionExists.c.o  -o cmTryCompileExec -rdynamic -lm -lcrypt -ldl -lpthread -lrt 
CMakeFiles/cmTryCompileExec.dir/CheckFunctionExists.c.o: In function `main':
CheckFunctionExists.c:(.text+0x15): undefined reference to `strlcat'
collect2: ld returned 1 exit status
make[1]: Leaving directory `/home/zy/cryptdb/mysql-src/build/CMakeFiles/CMakeTmp'
make[1]: *** [cmTryCompileExec] Error 1
make: *** [cmTryCompileExec/fast] Error 2


Determining if the function fgetln exists failed with the following output:
Change Dir: /home/zy/cryptdb/mysql-src/build/CMakeFiles/CMakeTmp

Run Build Command:/usr/bin/make "cmTryCompileExec/fast"
/usr/bin/make -f CMakeFiles/cmTryCompileExec.dir/build.make CMakeFiles/cmTryCompileExec.dir/build
make[1]: Entering directory `/home/zy/cryptdb/mysql-src/build/CMakeFiles/CMakeTmp'
/usr/bin/cmake -E cmake_progress_report /home/zy/cryptdb/mysql-src/build/CMakeFiles/CMakeTmp/CMakeFiles 1
Building C object CMakeFiles/cmTryCompileExec.dir/CheckFunctionExists.c.o
/usr/bin/gcc   -Wall  -DCHECK_FUNCTION_EXISTS=fgetln   -o CMakeFiles/cmTryCompileExec.dir/CheckFunctionExists.c.o   -c /usr/share/cmake-2.8/Modules/CheckFunctionExists.c
Linking C executable cmTryCompileExec
/usr/bin/cmake -E cmake_link_script CMakeFiles/cmTryCompileExec.dir/link.txt --verbose=1
/usr/bin/gcc    -Wall  -DCHECK_FUNCTION_EXISTS=fgetln    CMakeFiles/cmTryCompileExec.dir/CheckFunctionExists.c.o  -o cmTryCompileExec -rdynamic -lm -lcrypt -ldl -lpthread -lrt 
CMakeFiles/cmTryCompileExec.dir/CheckFunctionExists.c.o: In function `main':
CheckFunctionExists.c:(.text+0x15): undefined reference to `fgetln'
collect2: ld returned 1 exit status
make[1]: Leaving directory `/home/zy/cryptdb/mysql-src/build/CMakeFiles/CMakeTmp'
make[1]: *** [cmTryCompileExec] Error 1
make: *** [cmTryCompileExec/fast] Error 2


Determining if the function tell exists failed with the following output:
Change Dir: /home/zy/cryptdb/mysql-src/build/CMakeFiles/CMakeTmp

Run Build Command:/usr/bin/make "cmTryCompileExec/fast"
/usr/bin/make -f CMakeFiles/cmTryCompileExec.dir/build.make CMakeFiles/cmTryCompileExec.dir/build
make[1]: Entering directory `/home/zy/cryptdb/mysql-src/build/CMakeFiles/CMakeTmp'
/usr/bin/cmake -E cmake_progress_report /home/zy/cryptdb/mysql-src/build/CMakeFiles/CMakeTmp/CMakeFiles 1
Building C object CMakeFiles/cmTryCompileExec.dir/CheckFunctionExists.c.o
/usr/bin/gcc   -Wall  -DCHECK_FUNCTION_EXISTS=tell   -o CMakeFiles/cmTryCompileExec.dir/CheckFunctionExists.c.o   -c /usr/share/cmake-2.8/Modules/CheckFunctionExists.c
Linking C executable cmTryCompileExec
/usr/bin/cmake -E cmake_link_script CMakeFiles/cmTryCompileExec.dir/link.txt --verbose=1
/usr/bin/gcc    -Wall  -DCHECK_FUNCTION_EXISTS=tell    CMakeFiles/cmTryCompileExec.dir/CheckFunctionExists.c.o  -o cmTryCompileExec -rdynamic -lm -lcrypt -ldl -lpthread -lrt 
CMakeFiles/cmTryCompileExec.dir/CheckFunctionExists.c.o: In function `main':
CheckFunctionExists.c:(.text+0x15): undefined reference to `tell'
collect2: ld returned 1 exit status
make[1]: Leaving directory `/home/zy/cryptdb/mysql-src/build/CMakeFiles/CMakeTmp'
make[1]: *** [cmTryCompileExec] Error 1
make: *** [cmTryCompileExec/fast] Error 2


Determining if the function thr_setconcurrency exists failed with the following output:
Change Dir: /home/zy/cryptdb/mysql-src/build/CMakeFiles/CMakeTmp

Run Build Command:/usr/bin/make "cmTryCompileExec/fast"
/usr/bin/make -f CMakeFiles/cmTryCompileExec.dir/build.make CMakeFiles/cmTryCompileExec.dir/build
make[1]: Entering directory `/home/zy/cryptdb/mysql-src/build/CMakeFiles/CMakeTmp'
/usr/bin/cmake -E cmake_progress_report /home/zy/cryptdb/mysql-src/build/CMakeFiles/CMakeTmp/CMakeFiles 1
Building C object CMakeFiles/cmTryCompileExec.dir/CheckFunctionExists.c.o
/usr/bin/gcc   -Wall  -DCHECK_FUNCTION_EXISTS=thr_setconcurrency   -o CMakeFiles/cmTryCompileExec.dir/CheckFunctionExists.c.o   -c /usr/share/cmake-2.8/Modules/CheckFunctionExists.c
Linking C executable cmTryCompileExec
/usr/bin/cmake -E cmake_link_script CMakeFiles/cmTryCompileExec.dir/link.txt --verbose=1
/usr/bin/gcc    -Wall  -DCHECK_FUNCTION_EXISTS=thr_setconcurrency    CMakeFiles/cmTryCompileExec.dir/CheckFunctionExists.c.o  -o cmTryCompileExec -rdynamic -lm -lcrypt -ldl -lpthread -lrt 
CMakeFiles/cmTryCompileExec.dir/CheckFunctionExists.c.o: In function `main':
CheckFunctionExists.c:(.text+0x15): undefined reference to `thr_setconcurrency'
collect2: ld returned 1 exit status
make[1]: Leaving directory `/home/zy/cryptdb/mysql-src/build/CMakeFiles/CMakeTmp'
make[1]: *** [cmTryCompileExec] Error 1
make: *** [cmTryCompileExec/fast] Error 2


Determining if the function thr_yield exists failed with the following output:
Change Dir: /home/zy/cryptdb/mysql-src/build/CMakeFiles/CMakeTmp

Run Build Command:/usr/bin/make "cmTryCompileExec/fast"
/usr/bin/make -f CMakeFiles/cmTryCompileExec.dir/build.make CMakeFiles/cmTryCompileExec.dir/build
make[1]: Entering directory `/home/zy/cryptdb/mysql-src/build/CMakeFiles/CMakeTmp'
/usr/bin/cmake -E cmake_progress_report /home/zy/cryptdb/mysql-src/build/CMakeFiles/CMakeTmp/CMakeFiles 1
Building C object CMakeFiles/cmTryCompileExec.dir/CheckFunctionExists.c.o
/usr/bin/gcc   -Wall  -DCHECK_FUNCTION_EXISTS=thr_yield   -o CMakeFiles/cmTryCompileExec.dir/CheckFunctionExists.c.o   -c /usr/share/cmake-2.8/Modules/CheckFunctionExists.c
Linking C executable cmTryCompileExec
/usr/bin/cmake -E cmake_link_script CMakeFiles/cmTryCompileExec.dir/link.txt --verbose=1
/usr/bin/gcc    -Wall  -DCHECK_FUNCTION_EXISTS=thr_yield    CMakeFiles/cmTryCompileExec.dir/CheckFunctionExists.c.o  -o cmTryCompileExec -rdynamic -lm -lcrypt -ldl -lpthread -lrt 
CMakeFiles/cmTryCompileExec.dir/CheckFunctionExists.c.o: In function `main':
CheckFunctionExists.c:(.text+0x15): undefined reference to `thr_yield'
collect2: ld returned 1 exit status
make[1]: Leaving directory `/home/zy/cryptdb/mysql-src/build/CMakeFiles/CMakeTmp'
make[1]: *** [cmTryCompileExec] Error 1
make: *** [cmTryCompileExec/fast] Error 2


Determining if files ia64intrin.h exist failed with the following output:
Change Dir: /home/zy/cryptdb/mysql-src/build/CMakeFiles/CMakeTmp

Run Build Command:/usr/bin/make "cmTryCompileExec/fast"
/usr/bin/make -f CMakeFiles/cmTryCompileExec.dir/build.make CMakeFiles/cmTryCompileExec.dir/build
make[1]: Entering directory `/home/zy/cryptdb/mysql-src/build/CMakeFiles/CMakeTmp'
/usr/bin/cmake -E cmake_progress_report /home/zy/cryptdb/mysql-src/build/CMakeFiles/CMakeTmp/CMakeFiles 1
Building C object CMakeFiles/cmTryCompileExec.dir/CheckIncludeFiles.c.o
/usr/bin/gcc   -Wall     -o CMakeFiles/cmTryCompileExec.dir/CheckIncludeFiles.c.o   -c /home/zy/cryptdb/mysql-src/build/CMakeFiles/CMakeTmp/CheckIncludeFiles.c
/home/zy/cryptdb/mysql-src/build/CMakeFiles/CMakeTmp/CheckIncludeFiles.c:2:24: fatal error: ia64intrin.h: No such file or directory
compilation terminated.
make[1]: Leaving directory `/home/zy/cryptdb/mysql-src/build/CMakeFiles/CMakeTmp'
make[1]: *** [CMakeFiles/cmTryCompileExec.dir/CheckIncludeFiles.c.o] Error 1
make: *** [cmTryCompileExec/fast] Error 2

Source:
/* */
#include <ia64intrin.h>


int main(){return 0;}

Determining if the function read_real_time exists failed with the following output:
Change Dir: /home/zy/cryptdb/mysql-src/build/CMakeFiles/CMakeTmp

Run Build Command:/usr/bin/make "cmTryCompileExec/fast"
/usr/bin/make -f CMakeFiles/cmTryCompileExec.dir/build.make CMakeFiles/cmTryCompileExec.dir/build
make[1]: Entering directory `/home/zy/cryptdb/mysql-src/build/CMakeFiles/CMakeTmp'
/usr/bin/cmake -E cmake_progress_report /home/zy/cryptdb/mysql-src/build/CMakeFiles/CMakeTmp/CMakeFiles 1
Building C object CMakeFiles/cmTryCompileExec.dir/CheckFunctionExists.c.o
/usr/bin/gcc   -Wall  -DCHECK_FUNCTION_EXISTS=read_real_time   -o CMakeFiles/cmTryCompileExec.dir/CheckFunctionExists.c.o   -c /usr/share/cmake-2.8/Modules/CheckFunctionExists.c
Linking C executable cmTryCompileExec
/usr/bin/cmake -E cmake_link_script CMakeFiles/cmTryCompileExec.dir/link.txt --verbose=1
/usr/bin/gcc    -Wall  -DCHECK_FUNCTION_EXISTS=read_real_time    CMakeFiles/cmTryCompileExec.dir/CheckFunctionExists.c.o  -o cmTryCompileExec -rdynamic -lm -lcrypt -ldl -lpthread -lrt 
CMakeFiles/cmTryCompileExec.dir/CheckFunctionExists.c.o: In function `main':
CheckFunctionExists.c:(.text+0x15): undefined reference to `read_real_time'
make[1]: Leaving directory `/home/zy/cryptdb/mysql-src/build/CMakeFiles/CMakeTmp'
collect2: ld returned 1 exit status
make[1]: *** [cmTryCompileExec] Error 1
make: *** [cmTryCompileExec/fast] Error 2


Determining if the function rdtscll exists failed with the following output:
Change Dir: /home/zy/cryptdb/mysql-src/build/CMakeFiles/CMakeTmp

Run Build Command:/usr/bin/make "cmTryCompileExec/fast"
/usr/bin/make -f CMakeFiles/cmTryCompileExec.dir/build.make CMakeFiles/cmTryCompileExec.dir/build
make[1]: Entering directory `/home/zy/cryptdb/mysql-src/build/CMakeFiles/CMakeTmp'
/usr/bin/cmake -E cmake_progress_report /home/zy/cryptdb/mysql-src/build/CMakeFiles/CMakeTmp/CMakeFiles 1
Building C object CMakeFiles/cmTryCompileExec.dir/CheckFunctionExists.c.o
/usr/bin/gcc   -Wall  -DCHECK_FUNCTION_EXISTS=rdtscll   -o CMakeFiles/cmTryCompileExec.dir/CheckFunctionExists.c.o   -c /usr/share/cmake-2.8/Modules/CheckFunctionExists.c
Linking C executable cmTryCompileExec
/usr/bin/cmake -E cmake_link_script CMakeFiles/cmTryCompileExec.dir/link.txt --verbose=1
/usr/bin/gcc    -Wall  -DCHECK_FUNCTION_EXISTS=rdtscll    CMakeFiles/cmTryCompileExec.dir/CheckFunctionExists.c.o  -o cmTryCompileExec -rdynamic -lm -lcrypt -ldl -lpthread -lrt 
CMakeFiles/cmTryCompileExec.dir/CheckFunctionExists.c.o: In function `main':
CheckFunctionExists.c:(.text+0x15): undefined reference to `rdtscll'
make[1]: Leaving directory `/home/zy/cryptdb/mysql-src/build/CMakeFiles/CMakeTmp'
collect2: ld returned 1 exit status
make[1]: *** [cmTryCompileExec] Error 1
make: *** [cmTryCompileExec/fast] Error 2


Determining if the TIOCSTAT exist failed with the following output:
Change Dir: /home/zy/cryptdb/mysql-src/build/CMakeFiles/CMakeTmp

Run Build Command:/usr/bin/make "cmTryCompileExec/fast"
/usr/bin/make -f CMakeFiles/cmTryCompileExec.dir/build.make CMakeFiles/cmTryCompileExec.dir/build
make[1]: Entering directory `/home/zy/cryptdb/mysql-src/build/CMakeFiles/CMakeTmp'
/usr/bin/cmake -E cmake_progress_report /home/zy/cryptdb/mysql-src/build/CMakeFiles/CMakeTmp/CMakeFiles 1
Building C object CMakeFiles/cmTryCompileExec.dir/CheckSymbolExists.c.o
/usr/bin/gcc   -Wall     -o CMakeFiles/cmTryCompileExec.dir/CheckSymbolExists.c.o   -c /home/zy/cryptdb/mysql-src/build/CMakeFiles/CMakeTmp/CheckSymbolExists.c
/home/zy/cryptdb/mysql-src/build/CMakeFiles/CMakeTmp/CheckSymbolExists.c: In function ‘main’:
/home/zy/cryptdb/mysql-src/build/CMakeFiles/CMakeTmp/CheckSymbolExists.c:8:25: error: ‘TIOCSTAT’ undeclared (first use in this function)
/home/zy/cryptdb/mysql-src/build/CMakeFiles/CMakeTmp/CheckSymbolExists.c:8:25: note: each undeclared identifier is reported only once for each function it appears in
make[1]: Leaving directory `/home/zy/cryptdb/mysql-src/build/CMakeFiles/CMakeTmp'
make[1]: *** [CMakeFiles/cmTryCompileExec.dir/CheckSymbolExists.c.o] Error 1
make: *** [cmTryCompileExec/fast] Error 2

File /home/zy/cryptdb/mysql-src/build/CMakeFiles/CMakeTmp/CheckSymbolExists.c:
/* */
#include <sys/ioctl.h>

void cmakeRequireSymbol(int dummy,...){(void)dummy;}
int main()
{
#ifndef TIOCSTAT
  cmakeRequireSymbol(0,&TIOCSTAT);
#endif
  return 0;
}

Determining if the FIONREAD exist failed with the following output:
Change Dir: /home/zy/cryptdb/mysql-src/build/CMakeFiles/CMakeTmp

Run Build Command:/usr/bin/make "cmTryCompileExec/fast"
/usr/bin/make -f CMakeFiles/cmTryCompileExec.dir/build.make CMakeFiles/cmTryCompileExec.dir/build
make[1]: Entering directory `/home/zy/cryptdb/mysql-src/build/CMakeFiles/CMakeTmp'
/usr/bin/cmake -E cmake_progress_report /home/zy/cryptdb/mysql-src/build/CMakeFiles/CMakeTmp/CMakeFiles 1
Building C object CMakeFiles/cmTryCompileExec.dir/CheckSymbolExists.c.o
/usr/bin/gcc   -Wall     -o CMakeFiles/cmTryCompileExec.dir/CheckSymbolExists.c.o   -c /home/zy/cryptdb/mysql-src/build/CMakeFiles/CMakeTmp/CheckSymbolExists.c
/home/zy/cryptdb/mysql-src/build/CMakeFiles/CMakeTmp/CheckSymbolExists.c:2:23: fatal error: sys/filio.h: No such file or directory
compilation terminated.
make[1]: Leaving directory `/home/zy/cryptdb/mysql-src/build/CMakeFiles/CMakeTmp'
make[1]: *** [CMakeFiles/cmTryCompileExec.dir/CheckSymbolExists.c.o] Error 1
make: *** [cmTryCompileExec/fast] Error 2

File /home/zy/cryptdb/mysql-src/build/CMakeFiles/CMakeTmp/CheckSymbolExists.c:
/* */
#include <sys/filio.h>

void cmakeRequireSymbol(int dummy,...){(void)dummy;}
int main()
{
#ifndef FIONREAD
  cmakeRequireSymbol(0,&FIONREAD);
#endif
  return 0;
}

Determining if the system is big endian passed with the following output:
Change Dir: /home/zy/cryptdb/mysql-src/build/CMakeFiles/CMakeTmp

Run Build Command:/usr/bin/make "cmTryCompileExec/fast"
/usr/bin/make -f CMakeFiles/cmTryCompileExec.dir/build.make CMakeFiles/cmTryCompileExec.dir/build
make[1]: Entering directory `/home/zy/cryptdb/mysql-src/build/CMakeFiles/CMakeTmp'
/usr/bin/cmake -E cmake_progress_report /home/zy/cryptdb/mysql-src/build/CMakeFiles/CMakeTmp/CMakeFiles 1
Building C object CMakeFiles/cmTryCompileExec.dir/TestEndianess.c.o
/usr/bin/gcc   -Wall     -o CMakeFiles/cmTryCompileExec.dir/TestEndianess.c.o   -c /home/zy/cryptdb/mysql-src/build/CMakeFiles/CMakeTmp/TestEndianess.c
Linking C executable cmTryCompileExec
/usr/bin/cmake -E cmake_link_script CMakeFiles/cmTryCompileExec.dir/link.txt --verbose=1
/usr/bin/gcc    -Wall      CMakeFiles/cmTryCompileExec.dir/TestEndianess.c.o  -o cmTryCompileExec -rdynamic 
make[1]: Leaving directory `/home/zy/cryptdb/mysql-src/build/CMakeFiles/CMakeTmp'

TestEndianess.c:
/* A 16 bit integer is required. */
typedef unsigned short cmakeint16;

/* On a little endian machine, these 16bit ints will give "THIS IS LITTLE ENDIAN."
   On a big endian machine the characters will be exchanged pairwise. */
const cmakeint16 info_little[] =  {0x4854, 0x5349, 0x4920, 0x2053, 0x494c, 0x5454, 0x454c, 0x4520, 0x444e, 0x4149, 0x2e4e, 0x0000};

/* on a big endian machine, these 16bit ints will give "THIS IS BIG ENDIAN."
   On a little endian machine the characters will be exchanged pairwise. */
const cmakeint16 info_big[] =     {0x5448, 0x4953, 0x2049, 0x5320, 0x4249, 0x4720, 0x454e, 0x4449, 0x414e, 0x2e2e, 0x0000};

#ifdef __CLASSIC_C__
int main(argc, argv) int argc; char *argv[];
#else
int main(int argc, char *argv[])
#endif
{
  int require = 0;
  require += info_little[argc];
  require += info_big[argc];
  (void)argv;
  return require;
}


Determining size of uchar failed with the following output:
Change Dir: /home/zy/cryptdb/mysql-src/build/CMakeFiles/CMakeTmp

Run Build Command:/usr/bin/make "cmTryCompileExec/fast"
/usr/bin/make -f CMakeFiles/cmTryCompileExec.dir/build.make CMakeFiles/cmTryCompileExec.dir/build
make[1]: Entering directory `/home/zy/cryptdb/mysql-src/build/CMakeFiles/CMakeTmp'
/usr/bin/cmake -E cmake_progress_report /home/zy/cryptdb/mysql-src/build/CMakeFiles/CMakeTmp/CMakeFiles 1
Building C object CMakeFiles/cmTryCompileExec.dir/SIZEOF_UCHAR.c.o
/usr/bin/gcc  -D_LARGEFILE_SOURCE -D_LARGE_FILES -D_FILE_OFFSET_BITS=64 -D__STDC_LIMIT_MACROS -D__STDC_CONSTANT_MACROS -D__STDC_FORMAT_MACROS -Wall     -o CMakeFiles/cmTryCompileExec.dir/SIZEOF_UCHAR.c.o   -c /home/zy/cryptdb/mysql-src/build/CMakeFiles/CheckTypeSize/SIZEOF_UCHAR.c
/home/zy/cryptdb/mysql-src/build/CMakeFiles/CheckTypeSize/SIZEOF_UCHAR.c:21:12: error: ‘uchar’ undeclared here (not in a function)
make[1]: Leaving directory `/home/zy/cryptdb/mysql-src/build/CMakeFiles/CMakeTmp'
make[1]: *** [CMakeFiles/cmTryCompileExec.dir/SIZEOF_UCHAR.c.o] Error 1
make: *** [cmTryCompileExec/fast] Error 2

/home/zy/cryptdb/mysql-src/build/CMakeFiles/CheckTypeSize/SIZEOF_UCHAR.c:
#include <sys/types.h>
#include <stdint.h>
#include <stddef.h>
#include "stdio.h"
#include "sys/types.h"


#undef KEY
#if defined(__i386)
# define KEY '_','_','i','3','8','6'
#elif defined(__x86_64)
# define KEY '_','_','x','8','6','_','6','4'
#elif defined(__ppc__)
# define KEY '_','_','p','p','c','_','_'
#elif defined(__ppc64__)
# define KEY '_','_','p','p','c','6','4','_','_'
#endif

#define SIZE (sizeof(uchar))
char info_size[] =  {'I', 'N', 'F', 'O', ':', 's','i','z','e','[',
  ('0' + ((SIZE / 10000)%10)),
  ('0' + ((SIZE / 1000)%10)),
  ('0' + ((SIZE / 100)%10)),
  ('0' + ((SIZE / 10)%10)),
  ('0' +  (SIZE    % 10)),
  ']',
#ifdef KEY
  ' ','k','e','y','[', KEY, ']',
#endif
  '\0'};

#ifdef __CLASSIC_C__
int main(argc, argv) int argc; char *argv[];
#else
int main(int argc, char *argv[])
#endif
{
  int require = 0;
  require += info_size[argc];
  (void)argv;
  return require;
}


Determining size of int8 failed with the following output:
Change Dir: /home/zy/cryptdb/mysql-src/build/CMakeFiles/CMakeTmp

Run Build Command:/usr/bin/make "cmTryCompileExec/fast"
/usr/bin/make -f CMakeFiles/cmTryCompileExec.dir/build.make CMakeFiles/cmTryCompileExec.dir/build
make[1]: Entering directory `/home/zy/cryptdb/mysql-src/build/CMakeFiles/CMakeTmp'
/usr/bin/cmake -E cmake_progress_report /home/zy/cryptdb/mysql-src/build/CMakeFiles/CMakeTmp/CMakeFiles 1
Building C object CMakeFiles/cmTryCompileExec.dir/SIZEOF_INT8.c.o
/usr/bin/gcc  -D_LARGEFILE_SOURCE -D_LARGE_FILES -D_FILE_OFFSET_BITS=64 -D__STDC_LIMIT_MACROS -D__STDC_CONSTANT_MACROS -D__STDC_FORMAT_MACROS -Wall     -o CMakeFiles/cmTryCompileExec.dir/SIZEOF_INT8.c.o   -c /home/zy/cryptdb/mysql-src/build/CMakeFiles/CheckTypeSize/SIZEOF_INT8.c
/home/zy/cryptdb/mysql-src/build/CMakeFiles/CheckTypeSize/SIZEOF_INT8.c:21:12: error: ‘int8’ undeclared here (not in a function)
make[1]: Leaving directory `/home/zy/cryptdb/mysql-src/build/CMakeFiles/CMakeTmp'
make[1]: *** [CMakeFiles/cmTryCompileExec.dir/SIZEOF_INT8.c.o] Error 1
make: *** [cmTryCompileExec/fast] Error 2

/home/zy/cryptdb/mysql-src/build/CMakeFiles/CheckTypeSize/SIZEOF_INT8.c:
#include <sys/types.h>
#include <stdint.h>
#include <stddef.h>
#include "stdio.h"
#include "sys/types.h"


#undef KEY
#if defined(__i386)
# define KEY '_','_','i','3','8','6'
#elif defined(__x86_64)
# define KEY '_','_','x','8','6','_','6','4'
#elif defined(__ppc__)
# define KEY '_','_','p','p','c','_','_'
#elif defined(__ppc64__)
# define KEY '_','_','p','p','c','6','4','_','_'
#endif

#define SIZE (sizeof(int8))
char info_size[] =  {'I', 'N', 'F', 'O', ':', 's','i','z','e','[',
  ('0' + ((SIZE / 10000)%10)),
  ('0' + ((SIZE / 1000)%10)),
  ('0' + ((SIZE / 100)%10)),
  ('0' + ((SIZE / 10)%10)),
  ('0' +  (SIZE    % 10)),
  ']',
#ifdef KEY
  ' ','k','e','y','[', KEY, ']',
#endif
  '\0'};

#ifdef __CLASSIC_C__
int main(argc, argv) int argc; char *argv[];
#else
int main(int argc, char *argv[])
#endif
{
  int require = 0;
  require += info_size[argc];
  (void)argv;
  return require;
}


Determining size of uint8 failed with the following output:
Change Dir: /home/zy/cryptdb/mysql-src/build/CMakeFiles/CMakeTmp

Run Build Command:/usr/bin/make "cmTryCompileExec/fast"
/usr/bin/make -f CMakeFiles/cmTryCompileExec.dir/build.make CMakeFiles/cmTryCompileExec.dir/build
make[1]: Entering directory `/home/zy/cryptdb/mysql-src/build/CMakeFiles/CMakeTmp'
/usr/bin/cmake -E cmake_progress_report /home/zy/cryptdb/mysql-src/build/CMakeFiles/CMakeTmp/CMakeFiles 1
Building C object CMakeFiles/cmTryCompileExec.dir/SIZEOF_UINT8.c.o
/usr/bin/gcc  -D_LARGEFILE_SOURCE -D_LARGE_FILES -D_FILE_OFFSET_BITS=64 -D__STDC_LIMIT_MACROS -D__STDC_CONSTANT_MACROS -D__STDC_FORMAT_MACROS -Wall     -o CMakeFiles/cmTryCompileExec.dir/SIZEOF_UINT8.c.o   -c /home/zy/cryptdb/mysql-src/build/CMakeFiles/CheckTypeSize/SIZEOF_UINT8.c
/home/zy/cryptdb/mysql-src/build/CMakeFiles/CheckTypeSize/SIZEOF_UINT8.c:21:12: error: ‘uint8’ undeclared here (not in a function)
make[1]: Leaving directory `/home/zy/cryptdb/mysql-src/build/CMakeFiles/CMakeTmp'
make[1]: *** [CMakeFiles/cmTryCompileExec.dir/SIZEOF_UINT8.c.o] Error 1
make: *** [cmTryCompileExec/fast] Error 2

/home/zy/cryptdb/mysql-src/build/CMakeFiles/CheckTypeSize/SIZEOF_UINT8.c:
#include <sys/types.h>
#include <stdint.h>
#include <stddef.h>
#include "stdio.h"
#include "sys/types.h"


#undef KEY
#if defined(__i386)
# define KEY '_','_','i','3','8','6'
#elif defined(__x86_64)
# define KEY '_','_','x','8','6','_','6','4'
#elif defined(__ppc__)
# define KEY '_','_','p','p','c','_','_'
#elif defined(__ppc64__)
# define KEY '_','_','p','p','c','6','4','_','_'
#endif

#define SIZE (sizeof(uint8))
char info_size[] =  {'I', 'N', 'F', 'O', ':', 's','i','z','e','[',
  ('0' + ((SIZE / 10000)%10)),
  ('0' + ((SIZE / 1000)%10)),
  ('0' + ((SIZE / 100)%10)),
  ('0' + ((SIZE / 10)%10)),
  ('0' +  (SIZE    % 10)),
  ']',
#ifdef KEY
  ' ','k','e','y','[', KEY, ']',
#endif
  '\0'};

#ifdef __CLASSIC_C__
int main(argc, argv) int argc; char *argv[];
#else
int main(int argc, char *argv[])
#endif
{
  int require = 0;
  require += info_size[argc];
  (void)argv;
  return require;
}


Determining size of int16 failed with the following output:
Change Dir: /home/zy/cryptdb/mysql-src/build/CMakeFiles/CMakeTmp

Run Build Command:/usr/bin/make "cmTryCompileExec/fast"
/usr/bin/make -f CMakeFiles/cmTryCompileExec.dir/build.make CMakeFiles/cmTryCompileExec.dir/build
make[1]: Entering directory `/home/zy/cryptdb/mysql-src/build/CMakeFiles/CMakeTmp'
/usr/bin/cmake -E cmake_progress_report /home/zy/cryptdb/mysql-src/build/CMakeFiles/CMakeTmp/CMakeFiles 1
Building C object CMakeFiles/cmTryCompileExec.dir/SIZEOF_INT16.c.o
/usr/bin/gcc  -D_LARGEFILE_SOURCE -D_LARGE_FILES -D_FILE_OFFSET_BITS=64 -D__STDC_LIMIT_MACROS -D__STDC_CONSTANT_MACROS -D__STDC_FORMAT_MACROS -Wall     -o CMakeFiles/cmTryCompileExec.dir/SIZEOF_INT16.c.o   -c /home/zy/cryptdb/mysql-src/build/CMakeFiles/CheckTypeSize/SIZEOF_INT16.c
/home/zy/cryptdb/mysql-src/build/CMakeFiles/CheckTypeSize/SIZEOF_INT16.c:21:12: error: ‘int16’ undeclared here (not in a function)
make[1]: Leaving directory `/home/zy/cryptdb/mysql-src/build/CMakeFiles/CMakeTmp'
make[1]: *** [CMakeFiles/cmTryCompileExec.dir/SIZEOF_INT16.c.o] Error 1
make: *** [cmTryCompileExec/fast] Error 2

/home/zy/cryptdb/mysql-src/build/CMakeFiles/CheckTypeSize/SIZEOF_INT16.c:
#include <sys/types.h>
#include <stdint.h>
#include <stddef.h>
#include "stdio.h"
#include "sys/types.h"


#undef KEY
#if defined(__i386)
# define KEY '_','_','i','3','8','6'
#elif defined(__x86_64)
# define KEY '_','_','x','8','6','_','6','4'
#elif defined(__ppc__)
# define KEY '_','_','p','p','c','_','_'
#elif defined(__ppc64__)
# define KEY '_','_','p','p','c','6','4','_','_'
#endif

#define SIZE (sizeof(int16))
char info_size[] =  {'I', 'N', 'F', 'O', ':', 's','i','z','e','[',
  ('0' + ((SIZE / 10000)%10)),
  ('0' + ((SIZE / 1000)%10)),
  ('0' + ((SIZE / 100)%10)),
  ('0' + ((SIZE / 10)%10)),
  ('0' +  (SIZE    % 10)),
  ']',
#ifdef KEY
  ' ','k','e','y','[', KEY, ']',
#endif
  '\0'};

#ifdef __CLASSIC_C__
int main(argc, argv) int argc; char *argv[];
#else
int main(int argc, char *argv[])
#endif
{
  int require = 0;
  require += info_size[argc];
  (void)argv;
  return require;
}


Determining size of uint16 failed with the following output:
Change Dir: /home/zy/cryptdb/mysql-src/build/CMakeFiles/CMakeTmp

Run Build Command:/usr/bin/make "cmTryCompileExec/fast"
/usr/bin/make -f CMakeFiles/cmTryCompileExec.dir/build.make CMakeFiles/cmTryCompileExec.dir/build
make[1]: Entering directory `/home/zy/cryptdb/mysql-src/build/CMakeFiles/CMakeTmp'
/usr/bin/cmake -E cmake_progress_report /home/zy/cryptdb/mysql-src/build/CMakeFiles/CMakeTmp/CMakeFiles 1
Building C object CMakeFiles/cmTryCompileExec.dir/SIZEOF_UINT16.c.o
/usr/bin/gcc  -D_LARGEFILE_SOURCE -D_LARGE_FILES -D_FILE_OFFSET_BITS=64 -D__STDC_LIMIT_MACROS -D__STDC_CONSTANT_MACROS -D__STDC_FORMAT_MACROS -Wall     -o CMakeFiles/cmTryCompileExec.dir/SIZEOF_UINT16.c.o   -c /home/zy/cryptdb/mysql-src/build/CMakeFiles/CheckTypeSize/SIZEOF_UINT16.c
/home/zy/cryptdb/mysql-src/build/CMakeFiles/CheckTypeSize/SIZEOF_UINT16.c:21:12: error: ‘uint16’ undeclared here (not in a function)
make[1]: Leaving directory `/home/zy/cryptdb/mysql-src/build/CMakeFiles/CMakeTmp'
make[1]: *** [CMakeFiles/cmTryCompileExec.dir/SIZEOF_UINT16.c.o] Error 1
make: *** [cmTryCompileExec/fast] Error 2

/home/zy/cryptdb/mysql-src/build/CMakeFiles/CheckTypeSize/SIZEOF_UINT16.c:
#include <sys/types.h>
#include <stdint.h>
#include <stddef.h>
#include "stdio.h"
#include "sys/types.h"


#undef KEY
#if defined(__i386)
# define KEY '_','_','i','3','8','6'
#elif defined(__x86_64)
# define KEY '_','_','x','8','6','_','6','4'
#elif defined(__ppc__)
# define KEY '_','_','p','p','c','_','_'
#elif defined(__ppc64__)
# define KEY '_','_','p','p','c','6','4','_','_'
#endif

#define SIZE (sizeof(uint16))
char info_size[] =  {'I', 'N', 'F', 'O', ':', 's','i','z','e','[',
  ('0' + ((SIZE / 10000)%10)),
  ('0' + ((SIZE / 1000)%10)),
  ('0' + ((SIZE / 100)%10)),
  ('0' + ((SIZE / 10)%10)),
  ('0' +  (SIZE    % 10)),
  ']',
#ifdef KEY
  ' ','k','e','y','[', KEY, ']',
#endif
  '\0'};

#ifdef __CLASSIC_C__
int main(argc, argv) int argc; char *argv[];
#else
int main(int argc, char *argv[])
#endif
{
  int require = 0;
  require += info_size[argc];
  (void)argv;
  return require;
}


Determining size of int32 failed with the following output:
Change Dir: /home/zy/cryptdb/mysql-src/build/CMakeFiles/CMakeTmp

Run Build Command:/usr/bin/make "cmTryCompileExec/fast"
/usr/bin/make -f CMakeFiles/cmTryCompileExec.dir/build.make CMakeFiles/cmTryCompileExec.dir/build
make[1]: Entering directory `/home/zy/cryptdb/mysql-src/build/CMakeFiles/CMakeTmp'
/usr/bin/cmake -E cmake_progress_report /home/zy/cryptdb/mysql-src/build/CMakeFiles/CMakeTmp/CMakeFiles 1
Building C object CMakeFiles/cmTryCompileExec.dir/SIZEOF_INT32.c.o
/usr/bin/gcc  -D_LARGEFILE_SOURCE -D_LARGE_FILES -D_FILE_OFFSET_BITS=64 -D__STDC_LIMIT_MACROS -D__STDC_CONSTANT_MACROS -D__STDC_FORMAT_MACROS -Wall     -o CMakeFiles/cmTryCompileExec.dir/SIZEOF_INT32.c.o   -c /home/zy/cryptdb/mysql-src/build/CMakeFiles/CheckTypeSize/SIZEOF_INT32.c
/home/zy/cryptdb/mysql-src/build/CMakeFiles/CheckTypeSize/SIZEOF_INT32.c:21:12: error: ‘int32’ undeclared here (not in a function)
make[1]: Leaving directory `/home/zy/cryptdb/mysql-src/build/CMakeFiles/CMakeTmp'
make[1]: *** [CMakeFiles/cmTryCompileExec.dir/SIZEOF_INT32.c.o] Error 1
make: *** [cmTryCompileExec/fast] Error 2

/home/zy/cryptdb/mysql-src/build/CMakeFiles/CheckTypeSize/SIZEOF_INT32.c:
#include <sys/types.h>
#include <stdint.h>
#include <stddef.h>
#include "stdio.h"
#include "sys/types.h"


#undef KEY
#if defined(__i386)
# define KEY '_','_','i','3','8','6'
#elif defined(__x86_64)
# define KEY '_','_','x','8','6','_','6','4'
#elif defined(__ppc__)
# define KEY '_','_','p','p','c','_','_'
#elif defined(__ppc64__)
# define KEY '_','_','p','p','c','6','4','_','_'
#endif

#define SIZE (sizeof(int32))
char info_size[] =  {'I', 'N', 'F', 'O', ':', 's','i','z','e','[',
  ('0' + ((SIZE / 10000)%10)),
  ('0' + ((SIZE / 1000)%10)),
  ('0' + ((SIZE / 100)%10)),
  ('0' + ((SIZE / 10)%10)),
  ('0' +  (SIZE    % 10)),
  ']',
#ifdef KEY
  ' ','k','e','y','[', KEY, ']',
#endif
  '\0'};

#ifdef __CLASSIC_C__
int main(argc, argv) int argc; char *argv[];
#else
int main(int argc, char *argv[])
#endif
{
  int require = 0;
  require += info_size[argc];
  (void)argv;
  return require;
}


Determining size of uint32 failed with the following output:
Change Dir: /home/zy/cryptdb/mysql-src/build/CMakeFiles/CMakeTmp

Run Build Command:/usr/bin/make "cmTryCompileExec/fast"
/usr/bin/make -f CMakeFiles/cmTryCompileExec.dir/build.make CMakeFiles/cmTryCompileExec.dir/build
make[1]: Entering directory `/home/zy/cryptdb/mysql-src/build/CMakeFiles/CMakeTmp'
/usr/bin/cmake -E cmake_progress_report /home/zy/cryptdb/mysql-src/build/CMakeFiles/CMakeTmp/CMakeFiles 1
Building C object CMakeFiles/cmTryCompileExec.dir/SIZEOF_UINT32.c.o
/usr/bin/gcc  -D_LARGEFILE_SOURCE -D_LARGE_FILES -D_FILE_OFFSET_BITS=64 -D__STDC_LIMIT_MACROS -D__STDC_CONSTANT_MACROS -D__STDC_FORMAT_MACROS -Wall     -o CMakeFiles/cmTryCompileExec.dir/SIZEOF_UINT32.c.o   -c /home/zy/cryptdb/mysql-src/build/CMakeFiles/CheckTypeSize/SIZEOF_UINT32.c
/home/zy/cryptdb/mysql-src/build/CMakeFiles/CheckTypeSize/SIZEOF_UINT32.c:21:12: error: ‘uint32’ undeclared here (not in a function)
make[1]: Leaving directory `/home/zy/cryptdb/mysql-src/build/CMakeFiles/CMakeTmp'
make[1]: *** [CMakeFiles/cmTryCompileExec.dir/SIZEOF_UINT32.c.o] Error 1
make: *** [cmTryCompileExec/fast] Error 2

/home/zy/cryptdb/mysql-src/build/CMakeFiles/CheckTypeSize/SIZEOF_UINT32.c:
#include <sys/types.h>
#include <stdint.h>
#include <stddef.h>
#include "stdio.h"
#include "sys/types.h"


#undef KEY
#if defined(__i386)
# define KEY '_','_','i','3','8','6'
#elif defined(__x86_64)
# define KEY '_','_','x','8','6','_','6','4'
#elif defined(__ppc__)
# define KEY '_','_','p','p','c','_','_'
#elif defined(__ppc64__)
# define KEY '_','_','p','p','c','6','4','_','_'
#endif

#define SIZE (sizeof(uint32))
char info_size[] =  {'I', 'N', 'F', 'O', ':', 's','i','z','e','[',
  ('0' + ((SIZE / 10000)%10)),
  ('0' + ((SIZE / 1000)%10)),
  ('0' + ((SIZE / 100)%10)),
  ('0' + ((SIZE / 10)%10)),
  ('0' +  (SIZE    % 10)),
  ']',
#ifdef KEY
  ' ','k','e','y','[', KEY, ']',
#endif
  '\0'};

#ifdef __CLASSIC_C__
int main(argc, argv) int argc; char *argv[];
#else
int main(int argc, char *argv[])
#endif
{
  int require = 0;
  require += info_size[argc];
  (void)argv;
  return require;
}


Determining size of int64 failed with the following output:
Change Dir: /home/zy/cryptdb/mysql-src/build/CMakeFiles/CMakeTmp

Run Build Command:/usr/bin/make "cmTryCompileExec/fast"
/usr/bin/make -f CMakeFiles/cmTryCompileExec.dir/build.make CMakeFiles/cmTryCompileExec.dir/build
make[1]: Entering directory `/home/zy/cryptdb/mysql-src/build/CMakeFiles/CMakeTmp'
/usr/bin/cmake -E cmake_progress_report /home/zy/cryptdb/mysql-src/build/CMakeFiles/CMakeTmp/CMakeFiles 1
Building C object CMakeFiles/cmTryCompileExec.dir/SIZEOF_INT64.c.o
/usr/bin/gcc  -D_LARGEFILE_SOURCE -D_LARGE_FILES -D_FILE_OFFSET_BITS=64 -D__STDC_LIMIT_MACROS -D__STDC_CONSTANT_MACROS -D__STDC_FORMAT_MACROS -Wall     -o CMakeFiles/cmTryCompileExec.dir/SIZEOF_INT64.c.o   -c /home/zy/cryptdb/mysql-src/build/CMakeFiles/CheckTypeSize/SIZEOF_INT64.c
/home/zy/cryptdb/mysql-src/build/CMakeFiles/CheckTypeSize/SIZEOF_INT64.c:21:12: error: ‘int64’ undeclared here (not in a function)
make[1]: Leaving directory `/home/zy/cryptdb/mysql-src/build/CMakeFiles/CMakeTmp'
make[1]: *** [CMakeFiles/cmTryCompileExec.dir/SIZEOF_INT64.c.o] Error 1
make: *** [cmTryCompileExec/fast] Error 2

/home/zy/cryptdb/mysql-src/build/CMakeFiles/CheckTypeSize/SIZEOF_INT64.c:
#include <sys/types.h>
#include <stdint.h>
#include <stddef.h>
#include "stdio.h"
#include "sys/types.h"


#undef KEY
#if defined(__i386)
# define KEY '_','_','i','3','8','6'
#elif defined(__x86_64)
# define KEY '_','_','x','8','6','_','6','4'
#elif defined(__ppc__)
# define KEY '_','_','p','p','c','_','_'
#elif defined(__ppc64__)
# define KEY '_','_','p','p','c','6','4','_','_'
#endif

#define SIZE (sizeof(int64))
char info_size[] =  {'I', 'N', 'F', 'O', ':', 's','i','z','e','[',
  ('0' + ((SIZE / 10000)%10)),
  ('0' + ((SIZE / 1000)%10)),
  ('0' + ((SIZE / 100)%10)),
  ('0' + ((SIZE / 10)%10)),
  ('0' +  (SIZE    % 10)),
  ']',
#ifdef KEY
  ' ','k','e','y','[', KEY, ']',
#endif
  '\0'};

#ifdef __CLASSIC_C__
int main(argc, argv) int argc; char *argv[];
#else
int main(int argc, char *argv[])
#endif
{
  int require = 0;
  require += info_size[argc];
  (void)argv;
  return require;
}


Determining size of uint64 failed with the following output:
Change Dir: /home/zy/cryptdb/mysql-src/build/CMakeFiles/CMakeTmp

Run Build Command:/usr/bin/make "cmTryCompileExec/fast"
/usr/bin/make -f CMakeFiles/cmTryCompileExec.dir/build.make CMakeFiles/cmTryCompileExec.dir/build
make[1]: Entering directory `/home/zy/cryptdb/mysql-src/build/CMakeFiles/CMakeTmp'
/usr/bin/cmake -E cmake_progress_report /home/zy/cryptdb/mysql-src/build/CMakeFiles/CMakeTmp/CMakeFiles 1
Building C object CMakeFiles/cmTryCompileExec.dir/SIZEOF_UINT64.c.o
/usr/bin/gcc  -D_LARGEFILE_SOURCE -D_LARGE_FILES -D_FILE_OFFSET_BITS=64 -D__STDC_LIMIT_MACROS -D__STDC_CONSTANT_MACROS -D__STDC_FORMAT_MACROS -Wall     -o CMakeFiles/cmTryCompileExec.dir/SIZEOF_UINT64.c.o   -c /home/zy/cryptdb/mysql-src/build/CMakeFiles/CheckTypeSize/SIZEOF_UINT64.c
/home/zy/cryptdb/mysql-src/build/CMakeFiles/CheckTypeSize/SIZEOF_UINT64.c:21:12: error: ‘uint64’ undeclared here (not in a function)
make[1]: Leaving directory `/home/zy/cryptdb/mysql-src/build/CMakeFiles/CMakeTmp'
make[1]: *** [CMakeFiles/cmTryCompileExec.dir/SIZEOF_UINT64.c.o] Error 1
make: *** [cmTryCompileExec/fast] Error 2

/home/zy/cryptdb/mysql-src/build/CMakeFiles/CheckTypeSize/SIZEOF_UINT64.c:
#include <sys/types.h>
#include <stdint.h>
#include <stddef.h>
#include "stdio.h"
#include "sys/types.h"


#undef KEY
#if defined(__i386)
# define KEY '_','_','i','3','8','6'
#elif defined(__x86_64)
# define KEY '_','_','x','8','6','_','6','4'
#elif defined(__ppc__)
# define KEY '_','_','p','p','c','_','_'
#elif defined(__ppc64__)
# define KEY '_','_','p','p','c','6','4','_','_'
#endif

#define SIZE (sizeof(uint64))
char info_size[] =  {'I', 'N', 'F', 'O', ':', 's','i','z','e','[',
  ('0' + ((SIZE / 10000)%10)),
  ('0' + ((SIZE / 1000)%10)),
  ('0' + ((SIZE / 100)%10)),
  ('0' + ((SIZE / 10)%10)),
  ('0' +  (SIZE    % 10)),
  ']',
#ifdef KEY
  ' ','k','e','y','[', KEY, ']',
#endif
  '\0'};

#ifdef __CLASSIC_C__
int main(argc, argv) int argc; char *argv[];
#else
int main(int argc, char *argv[])
#endif
{
  int require = 0;
  require += info_size[argc];
  (void)argv;
  return require;
}


Determining size of bool failed with the following output:
Change Dir: /home/zy/cryptdb/mysql-src/build/CMakeFiles/CMakeTmp

Run Build Command:/usr/bin/make "cmTryCompileExec/fast"
/usr/bin/make -f CMakeFiles/cmTryCompileExec.dir/build.make CMakeFiles/cmTryCompileExec.dir/build
make[1]: Entering directory `/home/zy/cryptdb/mysql-src/build/CMakeFiles/CMakeTmp'
/usr/bin/cmake -E cmake_progress_report /home/zy/cryptdb/mysql-src/build/CMakeFiles/CMakeTmp/CMakeFiles 1
Building C object CMakeFiles/cmTryCompileExec.dir/SIZEOF_BOOL.c.o
/usr/bin/gcc  -D_LARGEFILE_SOURCE -D_LARGE_FILES -D_FILE_OFFSET_BITS=64 -D__STDC_LIMIT_MACROS -D__STDC_CONSTANT_MACROS -D__STDC_FORMAT_MACROS -Wall     -o CMakeFiles/cmTryCompileExec.dir/SIZEOF_BOOL.c.o   -c /home/zy/cryptdb/mysql-src/build/CMakeFiles/CheckTypeSize/SIZEOF_BOOL.c
/home/zy/cryptdb/mysql-src/build/CMakeFiles/CheckTypeSize/SIZEOF_BOOL.c:20:12: error: ‘bool’ undeclared here (not in a function)
make[1]: Leaving directory `/home/zy/cryptdb/mysql-src/build/CMakeFiles/CMakeTmp'
make[1]: *** [CMakeFiles/cmTryCompileExec.dir/SIZEOF_BOOL.c.o] Error 1
make: *** [cmTryCompileExec/fast] Error 2

/home/zy/cryptdb/mysql-src/build/CMakeFiles/CheckTypeSize/SIZEOF_BOOL.c:
#include <sys/types.h>
#include <stdint.h>
#include <stddef.h>
#include "sys/types.h"


#undef KEY
#if defined(__i386)
# define KEY '_','_','i','3','8','6'
#elif defined(__x86_64)
# define KEY '_','_','x','8','6','_','6','4'
#elif defined(__ppc__)
# define KEY '_','_','p','p','c','_','_'
#elif defined(__ppc64__)
# define KEY '_','_','p','p','c','6','4','_','_'
#endif

#define SIZE (sizeof(bool))
char info_size[] =  {'I', 'N', 'F', 'O', ':', 's','i','z','e','[',
  ('0' + ((SIZE / 10000)%10)),
  ('0' + ((SIZE / 1000)%10)),
  ('0' + ((SIZE / 100)%10)),
  ('0' + ((SIZE / 10)%10)),
  ('0' +  (SIZE    % 10)),
  ']',
#ifdef KEY
  ' ','k','e','y','[', KEY, ']',
#endif
  '\0'};

#ifdef __CLASSIC_C__
int main(argc, argv) int argc; char *argv[];
#else
int main(int argc, char *argv[])
#endif
{
  int require = 0;
  require += info_size[argc];
  (void)argv;
  return require;
}


Performing C SOURCE FILE Test TIME_T_UNSIGNED failed with the following output:
Change Dir: /home/zy/cryptdb/mysql-src/build/CMakeFiles/CMakeTmp

Run Build Command:/usr/bin/make "cmTryCompileExec/fast"
/usr/bin/make -f CMakeFiles/cmTryCompileExec.dir/build.make CMakeFiles/cmTryCompileExec.dir/build
make[1]: Entering directory `/home/zy/cryptdb/mysql-src/build/CMakeFiles/CMakeTmp'
/usr/bin/cmake -E cmake_progress_report /home/zy/cryptdb/mysql-src/build/CMakeFiles/CMakeTmp/CMakeFiles 1
Building C object CMakeFiles/cmTryCompileExec.dir/src.c.o
/usr/bin/gcc  -D_LARGEFILE_SOURCE -D_LARGE_FILES -D_FILE_OFFSET_BITS=64 -D__STDC_LIMIT_MACROS -D__STDC_CONSTANT_MACROS -D__STDC_FORMAT_MACROS -Wall  -DTIME_T_UNSIGNED   -o CMakeFiles/cmTryCompileExec.dir/src.c.o   -c /home/zy/cryptdb/mysql-src/build/CMakeFiles/CMakeTmp/src.c
/home/zy/cryptdb/mysql-src/build/CMakeFiles/CMakeTmp/src.c: In function ‘main’:
/home/zy/cryptdb/mysql-src/build/CMakeFiles/CMakeTmp/src.c:4:16: error: ‘time_t’ undeclared (first use in this function)
/home/zy/cryptdb/mysql-src/build/CMakeFiles/CMakeTmp/src.c:4:16: note: each undeclared identifier is reported only once for each function it appears in
/home/zy/cryptdb/mysql-src/build/CMakeFiles/CMakeTmp/src.c:4:7: warning: unused variable ‘array’ [-Wunused-variable]
make[1]: Leaving directory `/home/zy/cryptdb/mysql-src/build/CMakeFiles/CMakeTmp'
make[1]: *** [CMakeFiles/cmTryCompileExec.dir/src.c.o] Error 1
make: *** [cmTryCompileExec/fast] Error 2

Source file was:

int main()
{
  int array[(((time_t)-1) > 0) ? 1 : -1];
  return 0;
}
Performing C SOURCE FILE Test HAVE_TIMESPEC_TS_SEC failed with the following output:
Change Dir: /home/zy/cryptdb/mysql-src/build/CMakeFiles/CMakeTmp

Run Build Command:/usr/bin/make "cmTryCompileExec/fast"
/usr/bin/make -f CMakeFiles/cmTryCompileExec.dir/build.make CMakeFiles/cmTryCompileExec.dir/build
make[1]: Entering directory `/home/zy/cryptdb/mysql-src/build/CMakeFiles/CMakeTmp'
/usr/bin/cmake -E cmake_progress_report /home/zy/cryptdb/mysql-src/build/CMakeFiles/CMakeTmp/CMakeFiles 1
Building C object CMakeFiles/cmTryCompileExec.dir/src.c.o
/usr/bin/gcc  -D_LARGEFILE_SOURCE -D_LARGE_FILES -D_FILE_OFFSET_BITS=64 -D__STDC_LIMIT_MACROS -D__STDC_CONSTANT_MACROS -D__STDC_FORMAT_MACROS -Wall  -DHAVE_TIMESPEC_TS_SEC   -o CMakeFiles/cmTryCompileExec.dir/src.c.o   -c /home/zy/cryptdb/mysql-src/build/CMakeFiles/CMakeTmp/src.c
/home/zy/cryptdb/mysql-src/build/CMakeFiles/CMakeTmp/src.c: In function ‘main’:
/home/zy/cryptdb/mysql-src/build/CMakeFiles/CMakeTmp/src.c:7:10: error: ‘struct timespec’ has no member named ‘ts_sec’
/home/zy/cryptdb/mysql-src/build/CMakeFiles/CMakeTmp/src.c:8:10: error: ‘struct timespec’ has no member named ‘ts_nsec’
/home/zy/cryptdb/mysql-src/build/CMakeFiles/CMakeTmp/src.c:6:19: warning: variable ‘abstime’ set but not used [-Wunused-but-set-variable]
/home/zy/cryptdb/mysql-src/build/CMakeFiles/CMakeTmp/src.c:9:1: warning: control reaches end of non-void function [-Wreturn-type]
make[1]: Leaving directory `/home/zy/cryptdb/mysql-src/build/CMakeFiles/CMakeTmp'
make[1]: *** [CMakeFiles/cmTryCompileExec.dir/src.c.o] Error 1
make: *** [cmTryCompileExec/fast] Error 2

Source file was:

#include <pthread.h>

int main(int ac, char **av)
{
  struct timespec abstime;
  abstime.ts_sec = time(NULL)+1;
  abstime.ts_nsec = 0;
}

Performing C++ SOURCE FILE Test HAVE_SOLARIS_STYLE_GETHOST failed with the following output:
Change Dir: /home/zy/cryptdb/mysql-src/build/CMakeFiles/CMakeTmp

Run Build Command:/usr/bin/make "cmTryCompileExec/fast"
/usr/bin/make -f CMakeFiles/cmTryCompileExec.dir/build.make CMakeFiles/cmTryCompileExec.dir/build
make[1]: Entering directory `/home/zy/cryptdb/mysql-src/build/CMakeFiles/CMakeTmp'
/usr/bin/cmake -E cmake_progress_report /home/zy/cryptdb/mysql-src/build/CMakeFiles/CMakeTmp/CMakeFiles 1
Building CXX object CMakeFiles/cmTryCompileExec.dir/src.cxx.o
/usr/bin/c++   -D_LARGEFILE_SOURCE -D_LARGE_FILES -D_FILE_OFFSET_BITS=64 -D__STDC_LIMIT_MACROS -D__STDC_CONSTANT_MACROS -D__STDC_FORMAT_MACROS -Wall -Wno-unused-parameter -fno-implicit-templates -fno-exceptions -fno-rtti  -DHAVE_SOLARIS_STYLE_GETHOST   -o CMakeFiles/cmTryCompileExec.dir/src.cxx.o -c /home/zy/cryptdb/mysql-src/build/CMakeFiles/CMakeTmp/src.cxx
/home/zy/cryptdb/mysql-src/build/CMakeFiles/CMakeTmp/src.cxx: In function ‘int main()’:
/home/zy/cryptdb/mysql-src/build/CMakeFiles/CMakeTmp/src.cxx:17:66: error: cannot convert ‘int*’ to ‘hostent**’ for argument ‘7’ to ‘int gethostbyaddr_r(const void*, __socklen_t, int, hostent*, char*, size_t, hostent**, int*)’
/home/zy/cryptdb/mysql-src/build/CMakeFiles/CMakeTmp/src.cxx:15:24: warning: unused variable ‘foo’ [-Wunused-variable]
make[1]: Leaving directory `/home/zy/cryptdb/mysql-src/build/CMakeFiles/CMakeTmp'
make[1]: *** [CMakeFiles/cmTryCompileExec.dir/src.cxx.o] Error 1
make: *** [cmTryCompileExec/fast] Error 2

Source file was:

    #undef inline
    #if !defined(SCO) && !defined(__osf__) && !defined(_REENTRANT)
    #define _REENTRANT
    #endif
    #include <pthread.h>
    #include <sys/types.h>
    #include <sys/socket.h>
    #include <netinet/in.h>
    #include <arpa/inet.h>
    #include <netdb.h>
    int main()
    {

       struct hostent *foo =
       gethostbyaddr_r((const char *) 0,
          0, 0, (struct hostent *) 0, (char *) NULL,  0, (int *)0);
       return 0;
    }
  
Determining if the include file netinet/in6.h exists failed with the following output:
Change Dir: /home/zy/cryptdb/mysql-src/build/CMakeFiles/CMakeTmp

Run Build Command:/usr/bin/make "cmTryCompileExec/fast"
/usr/bin/make -f CMakeFiles/cmTryCompileExec.dir/build.make CMakeFiles/cmTryCompileExec.dir/build
make[1]: Entering directory `/home/zy/cryptdb/mysql-src/build/CMakeFiles/CMakeTmp'
/usr/bin/cmake -E cmake_progress_report /home/zy/cryptdb/mysql-src/build/CMakeFiles/CMakeTmp/CMakeFiles 1
Building C object CMakeFiles/cmTryCompileExec.dir/CheckIncludeFile.c.o
/usr/bin/gcc  -D_LARGEFILE_SOURCE -D_LARGE_FILES -D_FILE_OFFSET_BITS=64 -D__STDC_LIMIT_MACROS -D__STDC_CONSTANT_MACROS -D__STDC_FORMAT_MACROS -Wall     -o CMakeFiles/cmTryCompileExec.dir/CheckIncludeFile.c.o   -c /home/zy/cryptdb/mysql-src/build/CMakeFiles/CMakeTmp/CheckIncludeFile.c
/home/zy/cryptdb/mysql-src/build/CMakeFiles/CMakeTmp/CheckIncludeFile.c:1:25: fatal error: netinet/in6.h: No such file or directory
compilation terminated.
make[1]: Leaving directory `/home/zy/cryptdb/mysql-src/build/CMakeFiles/CMakeTmp'
make[1]: *** [CMakeFiles/cmTryCompileExec.dir/CheckIncludeFile.c.o] Error 1
make: *** [cmTryCompileExec/fast] Error 2


Performing C SOURCE FILE Test HAVE_SOCKADDR_IN_SIN_LEN failed with the following output:
Change Dir: /home/zy/cryptdb/mysql-src/build/CMakeFiles/CMakeTmp

Run Build Command:/usr/bin/make "cmTryCompileExec/fast"
/usr/bin/make -f CMakeFiles/cmTryCompileExec.dir/build.make CMakeFiles/cmTryCompileExec.dir/build
make[1]: Entering directory `/home/zy/cryptdb/mysql-src/build/CMakeFiles/CMakeTmp'
/usr/bin/cmake -E cmake_progress_report /home/zy/cryptdb/mysql-src/build/CMakeFiles/CMakeTmp/CMakeFiles 1
Building C object CMakeFiles/cmTryCompileExec.dir/src.c.o
/usr/bin/gcc  -D_LARGEFILE_SOURCE -D_LARGE_FILES -D_FILE_OFFSET_BITS=64 -D__STDC_LIMIT_MACROS -D__STDC_CONSTANT_MACROS -D__STDC_FORMAT_MACROS -Wall  -DHAVE_SOCKADDR_IN_SIN_LEN   -o CMakeFiles/cmTryCompileExec.dir/src.c.o   -c /home/zy/cryptdb/mysql-src/build/CMakeFiles/CMakeTmp/src.c
/home/zy/cryptdb/mysql-src/build/CMakeFiles/CMakeTmp/src.c: In function ‘main’:
/home/zy/cryptdb/mysql-src/build/CMakeFiles/CMakeTmp/src.c:9:7: error: ‘struct sockaddr_in’ has no member named ‘sin_len’
make[1]: Leaving directory `/home/zy/cryptdb/mysql-src/build/CMakeFiles/CMakeTmp'
make[1]: *** [CMakeFiles/cmTryCompileExec.dir/src.c.o] Error 1
make: *** [cmTryCompileExec/fast] Error 2

Source file was:

#include <sys/types.h>
#include <netinet/in.h>
#include <sys/socket.h>

int main()
{
   struct sockaddr_in* tmp;
   tmp->sin_len;
  return 0;
}

Performing C SOURCE FILE Test HAVE_SOCKADDR_IN6_SIN6_LEN failed with the following output:
Change Dir: /home/zy/cryptdb/mysql-src/build/CMakeFiles/CMakeTmp

Run Build Command:/usr/bin/make "cmTryCompileExec/fast"
/usr/bin/make -f CMakeFiles/cmTryCompileExec.dir/build.make CMakeFiles/cmTryCompileExec.dir/build
make[1]: Entering directory `/home/zy/cryptdb/mysql-src/build/CMakeFiles/CMakeTmp'
/usr/bin/cmake -E cmake_progress_report /home/zy/cryptdb/mysql-src/build/CMakeFiles/CMakeTmp/CMakeFiles 1
Building C object CMakeFiles/cmTryCompileExec.dir/src.c.o
/usr/bin/gcc  -D_LARGEFILE_SOURCE -D_LARGE_FILES -D_FILE_OFFSET_BITS=64 -D__STDC_LIMIT_MACROS -D__STDC_CONSTANT_MACROS -D__STDC_FORMAT_MACROS -Wall  -DHAVE_SOCKADDR_IN6_SIN6_LEN   -o CMakeFiles/cmTryCompileExec.dir/src.c.o   -c /home/zy/cryptdb/mysql-src/build/CMakeFiles/CMakeTmp/src.c
/home/zy/cryptdb/mysql-src/build/CMakeFiles/CMakeTmp/src.c: In function ‘main’:
/home/zy/cryptdb/mysql-src/build/CMakeFiles/CMakeTmp/src.c:9:7: error: ‘struct sockaddr_in6’ has no member named ‘sin6_len’
make[1]: Leaving directory `/home/zy/cryptdb/mysql-src/build/CMakeFiles/CMakeTmp'
make[1]: *** [CMakeFiles/cmTryCompileExec.dir/src.c.o] Error 1
make: *** [cmTryCompileExec/fast] Error 2

Source file was:

#include <sys/types.h>
#include <netinet/in.h>
#include <sys/socket.h>

int main()
{
   struct sockaddr_in6* tmp;
   tmp->sin6_len;
  return 0;
}

Performing C SOURCE FILE Test STRUCT_DIRENT_HAS_D_NAMLEN failed with the following output:
Change Dir: /home/zy/cryptdb/mysql-src/build/CMakeFiles/CMakeTmp

Run Build Command:/usr/bin/make "cmTryCompileExec/fast"
/usr/bin/make -f CMakeFiles/cmTryCompileExec.dir/build.make CMakeFiles/cmTryCompileExec.dir/build
make[1]: Entering directory `/home/zy/cryptdb/mysql-src/build/CMakeFiles/CMakeTmp'
/usr/bin/cmake -E cmake_progress_report /home/zy/cryptdb/mysql-src/build/CMakeFiles/CMakeTmp/CMakeFiles 1
Building C object CMakeFiles/cmTryCompileExec.dir/src.c.o
/usr/bin/gcc  -D_LARGEFILE_SOURCE -D_LARGE_FILES -D_FILE_OFFSET_BITS=64 -D__STDC_LIMIT_MACROS -D__STDC_CONSTANT_MACROS -D__STDC_FORMAT_MACROS -Wall  -DSTRUCT_DIRENT_HAS_D_NAMLEN   -o CMakeFiles/cmTryCompileExec.dir/src.c.o   -c /home/zy/cryptdb/mysql-src/build/CMakeFiles/CMakeTmp/src.c
/home/zy/cryptdb/mysql-src/build/CMakeFiles/CMakeTmp/src.c: In function ‘main’:
/home/zy/cryptdb/mysql-src/build/CMakeFiles/CMakeTmp/src.c:7:7: error: ‘struct dirent’ has no member named ‘d_namlen’
make[1]: Leaving directory `/home/zy/cryptdb/mysql-src/build/CMakeFiles/CMakeTmp'
make[1]: *** [CMakeFiles/cmTryCompileExec.dir/src.c.o] Error 1
make: *** [cmTryCompileExec/fast] Error 2

Source file was:

#include <dirent.h>

int main()
{
   struct dirent* tmp;
   tmp->d_namlen;
  return 0;
}

Determining if the function mbscmp exists failed with the following output:
Change Dir: /home/zy/cryptdb/mysql-src/build/CMakeFiles/CMakeTmp

Run Build Command:/usr/bin/make "cmTryCompileExec/fast"
/usr/bin/make -f CMakeFiles/cmTryCompileExec.dir/build.make CMakeFiles/cmTryCompileExec.dir/build
make[1]: Entering directory `/home/zy/cryptdb/mysql-src/build/CMakeFiles/CMakeTmp'
/usr/bin/cmake -E cmake_progress_report /home/zy/cryptdb/mysql-src/build/CMakeFiles/CMakeTmp/CMakeFiles 1
Building C object CMakeFiles/cmTryCompileExec.dir/CheckFunctionExists.c.o
/usr/bin/gcc  -D_LARGEFILE_SOURCE -D_LARGE_FILES -D_FILE_OFFSET_BITS=64 -D__STDC_LIMIT_MACROS -D__STDC_CONSTANT_MACROS -D__STDC_FORMAT_MACROS -Wall  -DCHECK_FUNCTION_EXISTS=mbscmp   -o CMakeFiles/cmTryCompileExec.dir/CheckFunctionExists.c.o   -c /usr/share/cmake-2.8/Modules/CheckFunctionExists.c
Linking C executable cmTryCompileExec
/usr/bin/cmake -E cmake_link_script CMakeFiles/cmTryCompileExec.dir/link.txt --verbose=1
/usr/bin/gcc    -Wall  -DCHECK_FUNCTION_EXISTS=mbscmp    CMakeFiles/cmTryCompileExec.dir/CheckFunctionExists.c.o  -o cmTryCompileExec -rdynamic 
CMakeFiles/cmTryCompileExec.dir/CheckFunctionExists.c.o: In function `main':
CheckFunctionExists.c:(.text+0x15): undefined reference to `mbscmp'
make[1]: Leaving directory `/home/zy/cryptdb/mysql-src/build/CMakeFiles/CMakeTmp'
collect2: ld returned 1 exit status
make[1]: *** [cmTryCompileExec] Error 1
make: *** [cmTryCompileExec/fast] Error 2


Determining if the function strvis exists failed with the following output:
Change Dir: /home/zy/cryptdb/mysql-src/build/CMakeFiles/CMakeTmp

Run Build Command:/usr/bin/make "cmTryCompileExec/fast"
/usr/bin/make -f CMakeFiles/cmTryCompileExec.dir/build.make CMakeFiles/cmTryCompileExec.dir/build
make[1]: Entering directory `/home/zy/cryptdb/mysql-src/build/CMakeFiles/CMakeTmp'
/usr/bin/cmake -E cmake_progress_report /home/zy/cryptdb/mysql-src/build/CMakeFiles/CMakeTmp/CMakeFiles 1
Building C object CMakeFiles/cmTryCompileExec.dir/CheckFunctionExists.c.o
/usr/bin/gcc  -D_LARGEFILE_SOURCE -D_LARGE_FILES -D_FILE_OFFSET_BITS=64 -D__STDC_LIMIT_MACROS -D__STDC_CONSTANT_MACROS -D__STDC_FORMAT_MACROS -Wall  -DCHECK_FUNCTION_EXISTS=strvis   -o CMakeFiles/cmTryCompileExec.dir/CheckFunctionExists.c.o   -c /usr/share/cmake-2.8/Modules/CheckFunctionExists.c
Linking C executable cmTryCompileExec
/usr/bin/cmake -E cmake_link_script CMakeFiles/cmTryCompileExec.dir/link.txt --verbose=1
/usr/bin/gcc    -Wall  -DCHECK_FUNCTION_EXISTS=strvis    CMakeFiles/cmTryCompileExec.dir/CheckFunctionExists.c.o  -o cmTryCompileExec -rdynamic 
CMakeFiles/cmTryCompileExec.dir/CheckFunctionExists.c.o: In function `main':
CheckFunctionExists.c:(.text+0x15): undefined reference to `strvis'
make[1]: Leaving directory `/home/zy/cryptdb/mysql-src/build/CMakeFiles/CMakeTmp'
collect2: ld returned 1 exit status
make[1]: *** [cmTryCompileExec] Error 1
make: *** [cmTryCompileExec/fast] Error 2


Determining if the function strunvis exists failed with the following output:
Change Dir: /home/zy/cryptdb/mysql-src/build/CMakeFiles/CMakeTmp

Run Build Command:/usr/bin/make "cmTryCompileExec/fast"
/usr/bin/make -f CMakeFiles/cmTryCompileExec.dir/build.make CMakeFiles/cmTryCompileExec.dir/build
make[1]: Entering directory `/home/zy/cryptdb/mysql-src/build/CMakeFiles/CMakeTmp'
/usr/bin/cmake -E cmake_progress_report /home/zy/cryptdb/mysql-src/build/CMakeFiles/CMakeTmp/CMakeFiles 1
Building C object CMakeFiles/cmTryCompileExec.dir/CheckFunctionExists.c.o
/usr/bin/gcc  -D_LARGEFILE_SOURCE -D_LARGE_FILES -D_FILE_OFFSET_BITS=64 -D__STDC_LIMIT_MACROS -D__STDC_CONSTANT_MACROS -D__STDC_FORMAT_MACROS -Wall  -DCHECK_FUNCTION_EXISTS=strunvis   -o CMakeFiles/cmTryCompileExec.dir/CheckFunctionExists.c.o   -c /usr/share/cmake-2.8/Modules/CheckFunctionExists.c
Linking C executable cmTryCompileExec
/usr/bin/cmake -E cmake_link_script CMakeFiles/cmTryCompileExec.dir/link.txt --verbose=1
/usr/bin/gcc    -Wall  -DCHECK_FUNCTION_EXISTS=strunvis    CMakeFiles/cmTryCompileExec.dir/CheckFunctionExists.c.o  -o cmTryCompileExec -rdynamic 
CMakeFiles/cmTryCompileExec.dir/CheckFunctionExists.c.o: In function `main':
CheckFunctionExists.c:(.text+0x15): undefined reference to `strunvis'
make[1]: Leaving directory `/home/zy/cryptdb/mysql-src/build/CMakeFiles/CMakeTmp'
collect2: ld returned 1 exit status
make[1]: *** [cmTryCompileExec] Error 1
make: *** [cmTryCompileExec/fast] Error 2


